<?xml version="1.0" encoding="UTF-8"?>
<testsuite name="datadriven.UserDD" tests="102" skipped="0" failures="0" errors="0" timestamp="2021-08-31T21:14:08" hostname="JAQUE-PC" time="88.344">
  <properties/>
  <testcase name="incluirUsuario[0](458712, TesteSnoopy, Snoopy, Malhado, testesnoopy@teste.com, 123456, 41999999999, 0)" classname="datadriven.UserDD" time="2.314"/>
  <testcase name="incluirUsuario[1](458713, lucy, lucy, carter, lucycarter@teste.com, 654321, 11988888888, 0)" classname="datadriven.UserDD" time="0.781"/>
  <testcase name="incluirUsuario[2](458714, Drew_Trantow, Charlene, Padberg, Meagan76@gmail.com, hn4LO6WkDOdfLr2, 11912166003, 0)" classname="datadriven.UserDD" time="0.78"/>
  <testcase name="incluirUsuario[3](458715, Dagmar96, Wanda, Hegmann, Susie_Daniel@yahoo.com, Mi8nEpKqp2H9Y5u, 11965974815, 0)" classname="datadriven.UserDD" time="0.804"/>
  <testcase name="incluirUsuario[4](458715, Gabrielle35, Alisha, Morar, Lane_Homenick86@gmail.com, 6w020cFVfHDWNHr, 11965321786, 0)" classname="datadriven.UserDD" time="0.933"/>
  <testcase name="incluirUsuario[5](458715, Paolo.Kunde2, Hanna, Bogan, Victoria34@gmail.com, 7QPnJfvc1QlxX2H, 11938095423, 0)" classname="datadriven.UserDD" time="0.784"/>
  <testcase name="incluirUsuario[6](458715, Julie.Spencer69, Cade, Kemmer, Caitlyn.Spinka@hotmail.com, HDXVx6jW88YKfE9, 11976477264, 0)" classname="datadriven.UserDD" time="0.95"/>
  <testcase name="incluirUsuario[7](458715, Myra_Zemlak, Gianni, Murazik, Golda_Lehner@gmail.com, a2TNp_2gM4OO9Og, 11959777692, 0)" classname="datadriven.UserDD" time="0.766"/>
  <testcase name="incluirUsuario[8](458715, Janae2, Terrance, Crist, Nia.Mohr67@yahoo.com, _ii6CiT1s3ULzvB, 11940153289, 0)" classname="datadriven.UserDD" time="0.815"/>
  <testcase name="incluirUsuario[9](458715, Cleta.Reichel, Casper, Fay, Fae45@hotmail.com, SsupGAwGoIW9xWB, 11965016047, 0)" classname="datadriven.UserDD" time="0.78"/>
  <testcase name="incluirUsuario[10](458715, Aaron.Hickle54, Alessandra, Bogan, Gabe_Swaniawski@hotmail.com, sc1SaFxmm3KEjFz, 11979217563, 0)" classname="datadriven.UserDD" time="0.82"/>
  <testcase name="incluirUsuario[11](458715, Cameron_Heathcote36, Edna, Windler, Alf87@gmail.com, 3CZS5uYHtUClY6u, 11937061727, 0)" classname="datadriven.UserDD" time="0.766"/>
  <testcase name="incluirUsuario[12](458715, Cassandra1, Heloise, Schmidt, Claudia_Graham@hotmail.com, HT6QY3kRKJfjbqT, 11949772653, 0)" classname="datadriven.UserDD" time="0.836"/>
  <testcase name="incluirUsuario[13](458715, Alexandro98, Taya, Welch, Amir57@gmail.com, 19B4trYqgqMDsOJ, 11982716302, 0)" classname="datadriven.UserDD" time="0.791"/>
  <testcase name="incluirUsuario[14](458715, Devin51, Barney, Kilback, Jacinto81@yahoo.com, YVi4aNTpu2ZzkuK, 11979748380, 0)" classname="datadriven.UserDD" time="0.776"/>
  <testcase name="incluirUsuario[15](458715, Armani88, Mabel, Boehm, Una.Borer@gmail.com, iMjBRIvaakoZufG, 11937124692, 0)" classname="datadriven.UserDD" time="0.882"/>
  <testcase name="incluirUsuario[16](458715, Dario.Beer, Jocelyn, Grimes, Leora_Leannon45@yahoo.com, CMtUcv0q_rcMc7R, 11996972194, 0)" classname="datadriven.UserDD" time="0.8"/>
  <testcase name="incluirUsuario[17](458715, Adalberto70, Anita, White, Leora_Homenick65@hotmail.com, Z7z7_u1M0rzOxbh, 11935732692, 0)" classname="datadriven.UserDD" time="0.795"/>
  <testcase name="incluirUsuario[18](458715, Vena.Kohler77, Chase, Daniel, Maverick.Ferry7@gmail.com, OHDWJ_zxkJx7NSQ, 11981234967, 0)" classname="datadriven.UserDD" time="0.818"/>
  <testcase name="incluirUsuario[19](458715, Rhett_Welch46, Ernestina, Runolfsson, Mitchel.Botsford76@gmail.com, tnwA4WbLJsFtN97, 11953488568, 0)" classname="datadriven.UserDD" time="0.797"/>
  <testcase name="incluirUsuario[20](458715, Sid49, Rigoberto, Jerde, Braeden.Grimes@hotmail.com, R6y5CD01bIZ6ImN, 11996761266, 0)" classname="datadriven.UserDD" time="0.783"/>
  <testcase name="incluirUsuario[21](458715, Carlee76, Tiana, MacGyver, Gianni_Hilll42@hotmail.com, t0HiEHInj8kZsED, 11952522538, 0)" classname="datadriven.UserDD" time="0.818"/>
  <testcase name="incluirUsuario[22](458715, Autumn20, Elinor, Friesen, Arturo_Dietrich2@yahoo.com, 8pLvn13dvUSxgxc, 11982174912, 0)" classname="datadriven.UserDD" time="0.91"/>
  <testcase name="incluirUsuario[23](458715, Barton32, Liza, Bauch, Gunner.Kautzer53@gmail.com, 0nmkULSdSi67BOH, 11985324476, 0)" classname="datadriven.UserDD" time="0.984"/>
  <testcase name="incluirUsuario[24](458715, Sheridan.Wiza, Skylar, O'Connell, Hettie57@yahoo.com, NXXW7P1iAkvDkSd, 11951553796, 0)" classname="datadriven.UserDD" time="0.816"/>
  <testcase name="incluirUsuario[25](458715, Mckayla.Dicki7, Simone, Heathcote, Gracie.Blanda0@yahoo.com, 3Mwsm2YhdunXhXA, 11992473383, 0)" classname="datadriven.UserDD" time="0.785"/>
  <testcase name="incluirUsuario[26](458715, Alexzander_Volkman, Devante, Frami, Buford_OHara99@hotmail.com, 9ZDFdyXdLACPEtW, 11984245972, 0)" classname="datadriven.UserDD" time="0.817"/>
  <testcase name="incluirUsuario[27](458715, Logan19, Anissa, Stracke, May_Effertz47@hotmail.com, hgUaHN03n9H11RE, 11946366678, 0)" classname="datadriven.UserDD" time="0.801"/>
  <testcase name="incluirUsuario[28](458715, Omari.Abbott, Manuela, Ryan, Jarred.Rogahn22@gmail.com, rMvJXpEXoGKVayM, 11979247612, 0)" classname="datadriven.UserDD" time="0.946"/>
  <testcase name="incluirUsuario[29](458715, Hayden.Murphy, Ariel, Sawayn, Rhett86@hotmail.com, wBtlNYa_uti0cPj, 11982878986, 0)" classname="datadriven.UserDD" time="0.876"/>
  <testcase name="incluirUsuario[30](458715, Madisyn.Tromp77, William, Ankunding, Vernon1@gmail.com, dh4nsjsmjQjhYJl, 11983320497, 0)" classname="datadriven.UserDD" time="0.946"/>
  <testcase name="incluirUsuario[31](458715, Jordane_Leannon, Gillian, Roberts, Anika14@hotmail.com, 57l3oRd5CbONlWg, 11957229883, 0)" classname="datadriven.UserDD" time="0.78"/>
  <testcase name="incluirUsuario[32](458715, Ardith.Kuphal, Keeley, Terry, Yasmine.Auer@gmail.com, e8YiG48_AR147_P, 11977683536, 0)" classname="datadriven.UserDD" time="0.841"/>
  <testcase name="incluirUsuario[33](458715, Isadore38, Eleanora, Torphy, Jules94@hotmail.com, NMbnNqkU6N64mXV, 11974617252, 0)" classname="datadriven.UserDD" time="0.801"/>
  <testcase name="incluirUsuario[34](458715, Ethel62, Myah, Lemke, Genesis91@hotmail.com, rLbmpucSRTVg2au, 11934469458, 0)" classname="datadriven.UserDD" time="1.007"/>
  <testcase name="incluirUsuario[35](458715, Annette.Kub, Katelynn, Keebler, Cleora.Ebert94@gmail.com, CKY9HOoPGCKO1zA, 11942269655, 0)" classname="datadriven.UserDD" time="0.922"/>
  <testcase name="incluirUsuario[36](458715, Sigrid_Rosenbaum, Jorge, Langworth, Camden65@yahoo.com, sYjJQ0JGoQxtsIz, 11941003414, 0)" classname="datadriven.UserDD" time="0.791"/>
  <testcase name="incluirUsuario[37](458715, Hubert82, Monserrate, Cronin, Liana0@gmail.com, D2dKNAP5iTSF1An, 11919657788, 0)" classname="datadriven.UserDD" time="0.774"/>
  <testcase name="incluirUsuario[38](458715, Ari_Reynolds17, Jordane, Marquardt, Mathias.Donnelly99@hotmail.com, lA3CZfdteKt41fD, 11981865929, 0)" classname="datadriven.UserDD" time="0.972"/>
  <testcase name="incluirUsuario[39](458715, Reese65, Rosemarie, Grant, Kaci_Schiller15@gmail.com, 2A5ZGU8BcTJmLFL, 11939018202, 0)" classname="datadriven.UserDD" time="0.874"/>
  <testcase name="incluirUsuario[40](458715, Pink.Rogahn93, Layne, Goodwin, Marianne91@hotmail.com, e8DFk1rc02K8b5l, 11911568682, 0)" classname="datadriven.UserDD" time="0.866"/>
  <testcase name="incluirUsuario[41](458715, Frederik.Boehm71, Jaquan, Osinski, Rolando15@yahoo.com, 5KAK0Iy2gOsap6C, 11950696995, 0)" classname="datadriven.UserDD" time="0.882"/>
  <testcase name="incluirUsuario[42](458715, Nola_Gorczany20, Sedrick, Pollich, Shaun3@hotmail.com, NwaqLuf61UiXm4z, 11925140198, 0)" classname="datadriven.UserDD" time="0.864"/>
  <testcase name="incluirUsuario[43](458715, Alexanne.Kutch66, Ruth, Harris, Rosalia58@hotmail.com, 9U7nwZ2BpGeTo6O, 11951231219, 0)" classname="datadriven.UserDD" time="0.861"/>
  <testcase name="incluirUsuario[44](458715, Columbus.Armstrong, Layla, Hane, Akeem_Lakin20@yahoo.com, hgqisWh5smTzA2L, 11922021156, 0)" classname="datadriven.UserDD" time="0.992"/>
  <testcase name="incluirUsuario[45](458715, Marvin79, Bethel, Schamberger, Melissa_Leffler@yahoo.com, VWxNwY_NSD2EgR7, 11989833058, 0)" classname="datadriven.UserDD" time="0.798"/>
  <testcase name="incluirUsuario[46](458715, Giuseppe.Ritchie43, Kimberly, Predovic, Adalberto.Homenick72@yahoo.com, K_v7yYWyE1QLXmn, 11999381075, 0)" classname="datadriven.UserDD" time="0.821"/>
  <testcase name="incluirUsuario[47](458715, Rashawn.Keeling, Camden, Wiegand, Nina_Mills@yahoo.com, CKWyMG2FtOd2ZXm, 11957918298, 0)" classname="datadriven.UserDD" time="0.977"/>
  <testcase name="incluirUsuario[48](458715, Giovanna99, Candido, Renner, Jett_Lesch61@yahoo.com, dXS2HeRmIFppA1I, 11989099009, 0)" classname="datadriven.UserDD" time="0.809"/>
  <testcase name="incluirUsuario[49](458715, Penelope.Hammes, Avis, McCullough, Dorris.Zboncak@yahoo.com, vA5gfky5RnaWLcC, 11951474582, 0)" classname="datadriven.UserDD" time="0.783"/>
  <testcase name="incluirUsuario[50](458715, Winnifred_Bergnaum, Israel, Anderson, Pasquale_Spinka@gmail.com, gCp2PyvRRhGpkCl, 11954398072, 0)" classname="datadriven.UserDD" time="0.767"/>
  <testcase name="incluirUsuario[51](458715, Garrick72, Rex, Kilback, Christop.Cummerata5@gmail.com, 6nqv9BhnRGBJQWH, 11985955093, 0)" classname="datadriven.UserDD" time="0.858"/>
  <testcase name="incluirUsuario[52](458715, Lisette88, Cesar, Schumm, Rylan.Walker@gmail.com, n6v4EJDel74Qgu_, 11952852137, 0)" classname="datadriven.UserDD" time="0.958"/>
  <testcase name="incluirUsuario[53](458715, Devon.Wiza, Torrance, Muller, Carlo.Pagac@yahoo.com, vzoMP9xU0ZjH1ez, 11934624426, 0)" classname="datadriven.UserDD" time="0.79"/>
  <testcase name="incluirUsuario[54](458715, Aaliyah6, Morris, Breitenberg, Marcella_Jaskolski16@gmail.com, qQQigRtiZvv7TxW, 11952279306, 0)" classname="datadriven.UserDD" time="0.86"/>
  <testcase name="incluirUsuario[55](458715, Maximilian_Klocko, Marlene, Lowe, Ila.Orn@hotmail.com, P_FYP1lfFy0apTH, 11985212270, 0)" classname="datadriven.UserDD" time="0.863"/>
  <testcase name="incluirUsuario[56](458715, Davon41, Diana, Mayert, Terrance82@hotmail.com, K3CNuKzuGj5yt8a, 11956376812, 0)" classname="datadriven.UserDD" time="0.896"/>
  <testcase name="incluirUsuario[57](458715, Avis_Hauck, Gerardo, Ernser, Delilah38@hotmail.com, f2cJyXmz21qkNJr, 11932406076, 0)" classname="datadriven.UserDD" time="0.962"/>
  <testcase name="incluirUsuario[58](458715, Trudie97, Dax, Borer, Nakia.Lubowitz99@gmail.com, 8u3uSttpVcVozm0, 11982922296, 0)" classname="datadriven.UserDD" time="0.767"/>
  <testcase name="incluirUsuario[59](458715, Elda_Fisher0, Emiliano, Quitzon, Jolie.Boyle@yahoo.com, riuFmnhMvwPNsKA, 11968139685, 0)" classname="datadriven.UserDD" time="0.78"/>
  <testcase name="incluirUsuario[60](458715, Estell.Barrows32, Keely, Hessel, Mathilde_Turner@gmail.com, djFMKg6es5PAKn_, 11920998566, 0)" classname="datadriven.UserDD" time="0.964"/>
  <testcase name="incluirUsuario[61](458715, Jerrell.Tillman71, Khalid, Bednar, Geovany_Gerlach@hotmail.com, H5ySjaTnDqUHgcJ, 11922203281, 0)" classname="datadriven.UserDD" time="0.763"/>
  <testcase name="incluirUsuario[62](458715, Gerhard33, Brendan, Schoen, Coby.Halvorson26@gmail.com, 26sr8Rf85_F4jJ0, 11925079441, 0)" classname="datadriven.UserDD" time="0.857"/>
  <testcase name="incluirUsuario[63](458715, Ray.Hauck34, Nash, Fay, Gail3@hotmail.com, Bs1DrKccO7AFX2j, 11912636645, 0)" classname="datadriven.UserDD" time="0.88"/>
  <testcase name="incluirUsuario[64](458715, Kasandra_Blick88, Cheyanne, Grimes, Pierre.Bayer@yahoo.com, LWiEqStqfDQypSX, 11912196783, 0)" classname="datadriven.UserDD" time="0.811"/>
  <testcase name="incluirUsuario[65](458715, Pietro_Fay, Abigayle, Reinger, Amie66@hotmail.com, y8kEPAK1eGMjO7q, 11915842784, 0)" classname="datadriven.UserDD" time="0.769"/>
  <testcase name="incluirUsuario[66](458715, Luisa_Rippin81, Richie, Leuschke, Arthur.Lind@gmail.com, 4wAUCdWGt4CmYeg, 11966657877, 0)" classname="datadriven.UserDD" time="0.944"/>
  <testcase name="incluirUsuario[67](458715, Elinore_Kunze, Jazmin, Kuhic, Oceane21@hotmail.com, mpMMZLP3H1aiW86, 11922264799, 0)" classname="datadriven.UserDD" time="0.842"/>
  <testcase name="incluirUsuario[68](458715, Boyd.Denesik93, Elody, Prosacco, Lily_Rutherford36@hotmail.com, 3oTLwqiL9mhD9dd, 11923595805, 0)" classname="datadriven.UserDD" time="1.052"/>
  <testcase name="incluirUsuario[69](458715, Raven.Wiegand, Nelda, Kutch, Arnoldo46@yahoo.com, kYKT6XgNubyX3zh, 11912531178, 0)" classname="datadriven.UserDD" time="0.825"/>
  <testcase name="incluirUsuario[70](458715, Wava70, Delphia, Brown, Judd_Volkman1@yahoo.com, AWBR24SCcwb3Tic, 11998100190, 0)" classname="datadriven.UserDD" time="0.915"/>
  <testcase name="incluirUsuario[71](458715, Amber.Kohler, Katherine, Hammes, Garret_Quigley79@yahoo.com, iwf_pcAiOvGccvM, 11913641398, 0)" classname="datadriven.UserDD" time="1.097"/>
  <testcase name="incluirUsuario[72](458715, Kailyn58, Margarette, Quitzon, Carleton.Dickens41@gmail.com, u2PAN8K2cCMGMj5, 11952267413, 0)" classname="datadriven.UserDD" time="0.822"/>
  <testcase name="incluirUsuario[73](458715, Gudrun73, Wiley, Price, Brandi.Spinka@yahoo.com, sfT6y7qa6KVO8ps, 11929982621, 0)" classname="datadriven.UserDD" time="0.866"/>
  <testcase name="incluirUsuario[74](458715, Jaylen72, Emory, Swift, Jeanne_Medhurst79@hotmail.com, a7Qpq6ePbfgBdIb, 11917759306, 0)" classname="datadriven.UserDD" time="0.852"/>
  <testcase name="incluirUsuario[75](458715, Estevan_Conn38, Loma, McClure, Cody54@yahoo.com, 0Vhiya7QxOQmFHA, 11990520911, 0)" classname="datadriven.UserDD" time="0.762"/>
  <testcase name="incluirUsuario[76](458715, Edyth_Kihn, Keyshawn, Weissnat, Westley_Keeling46@yahoo.com, jXOBrSdB5BZRLoI, 11965065308, 0)" classname="datadriven.UserDD" time="0.893"/>
  <testcase name="incluirUsuario[77](458715, Darian_Goyette, Israel, Brown, Brianne_Kunze32@yahoo.com, ViWAhSs5De98FNz, 11946899862, 0)" classname="datadriven.UserDD" time="0.876"/>
  <testcase name="incluirUsuario[78](458715, Cleora10, Hollis, Durgan, Anika_Swaniawski55@gmail.com, wE6DQjYc1uNnnmq, 11960489886, 0)" classname="datadriven.UserDD" time="0.833"/>
  <testcase name="incluirUsuario[79](458715, Jennings.Legros, Anika, Barton, Queen_Kirlin59@gmail.com, U92oqv4a3h9elqp, 11934298522, 0)" classname="datadriven.UserDD" time="0.994"/>
  <testcase name="incluirUsuario[80](458715, Mozelle_Hermiston16, Miracle, Carroll, Alejandrin30@gmail.com, gDBtTSGMuLEfZpz, 11973854509, 0)" classname="datadriven.UserDD" time="1.033"/>
  <testcase name="incluirUsuario[81](458715, Korey_Kuphal, Thad, Rogahn, Belle_Quigley@yahoo.com, 6XOgLoGWGaoOLBN, 11917141134, 0)" classname="datadriven.UserDD" time="0.976"/>
  <testcase name="incluirUsuario[82](458715, Winston_Mertz, Arielle, Mante, Josue.Hills@hotmail.com, h8bIbdshchTQhvK, 11980209803, 0)" classname="datadriven.UserDD" time="0.784"/>
  <testcase name="incluirUsuario[83](458715, Edwina.Torp29, Bella, O'Hara, Maximillian5@gmail.com, nsZ7D7jKFxbPmKU, 11913672704, 0)" classname="datadriven.UserDD" time="1.002"/>
  <testcase name="incluirUsuario[84](458715, Jazmin.Beatty, Jeffery, Bergnaum, Ryley_Labadie47@gmail.com, g1SGZ1HjkTuNhT0, 11925085490, 0)" classname="datadriven.UserDD" time="0.817"/>
  <testcase name="incluirUsuario[85](458715, Rodolfo.Welch34, Vinnie, Nader, Shannon.Schamberger5@gmail.com, YWg3j7atn6FZSJ9, 11945853431, 0)" classname="datadriven.UserDD" time="0.796"/>
  <testcase name="incluirUsuario[86](458715, Savanna.Hilll90, Josue, Skiles, Eleazar13@hotmail.com, 0xcXUp8ud3OdoJq, 11972827629, 0)" classname="datadriven.UserDD" time="0.817"/>
  <testcase name="incluirUsuario[87](458715, Percival14, Felicia, Fadel, Ora_Carter13@gmail.com, vU4MjHjnewfNlcL, 11925318437, 0)" classname="datadriven.UserDD" time="0.764"/>
  <testcase name="incluirUsuario[88](458715, Ellie28, Patricia, White, Bernard_Heller8@yahoo.com, cBjofXUSF3_oshP, 11955082886, 0)" classname="datadriven.UserDD" time="0.868"/>
  <testcase name="incluirUsuario[89](458715, Mavis_Koch, Mylene, Terry, Jaunita7@gmail.com, GbPNQIR_dW8mVGH, 11983911641, 0)" classname="datadriven.UserDD" time="0.864"/>
  <testcase name="incluirUsuario[90](458715, Alexys_Kilback, Dolores, Davis, Jerrold21@gmail.com, jvTNP9zT0BcTTh9, 11995463363, 0)" classname="datadriven.UserDD" time="0.811"/>
  <testcase name="incluirUsuario[91](458715, Kole67, Alia, Mertz, Oswald.Lesch@hotmail.com, xIV4Lt_gx2OQBZb, 11955981844, 0)" classname="datadriven.UserDD" time="0.814"/>
  <testcase name="incluirUsuario[92](458715, Hobart_Witting45, Catalina, Pouros, Kaitlyn.Pollich44@yahoo.com, zlYkpqXaouDF99_, 11944449974, 0)" classname="datadriven.UserDD" time="0.862"/>
  <testcase name="incluirUsuario[93](458715, Aron95, Jefferey, Witting, Fernando20@hotmail.com, vdgZ6Qn83ebWUnD, 11932506578, 0)" classname="datadriven.UserDD" time="0.853"/>
  <testcase name="incluirUsuario[94](458715, Rogelio_Bahringer, Kariane, Denesik, Conrad.Rodriguez0@gmail.com, 8dDGzjPTFdZDYzB, 11976865243, 0)" classname="datadriven.UserDD" time="0.794"/>
  <testcase name="incluirUsuario[95](458715, Jocelyn.Kohler, Justus, Friesen, Royal_Watsica@yahoo.com, HJivKd00xFMSKf3, 11959965932, 0)" classname="datadriven.UserDD" time="0.81"/>
  <testcase name="incluirUsuario[96](458715, Dejuan84, Imani, Doyle, Lexie.Fay@gmail.com, SXTwHACW_A7tyj1, 11978687959, 0)" classname="datadriven.UserDD" time="0.799"/>
  <testcase name="incluirUsuario[97](458715, Consuelo.Johns11, Hubert, Wisoky, Niko.Price36@gmail.com, yIZth80b9kwHK1R, 11965783901, 0)" classname="datadriven.UserDD" time="0.816"/>
  <testcase name="incluirUsuario[98](458715, Annie_Hackett, Adelia, Ullrich, Verdie_OKon@yahoo.com, TaUeBfhrHHVkatK, 11922345692, 0)" classname="datadriven.UserDD" time="0.807"/>
  <testcase name="incluirUsuario[99](458715, Braxton_Will, Emil, Wolf, Jarrod_Mueller85@yahoo.com, j2bEVtQAEnZZNM9, 11941202876, 0)" classname="datadriven.UserDD" time="0.812"/>
  <testcase name="incluirUsuario[100](458715, Deanna48, Carley, Heller, Mona50@yahoo.com, KL3dudns7qfWE8m, 11976382636, 0)" classname="datadriven.UserDD" time="0.852"/>
  <testcase name="incluirUsuario[101](458715, Stephany.Conn68, Jayne, Flatley, Sherwood.Simonis92@hotmail.com, ka_t_YYX_DXxgap, 11931606078, 0)" classname="datadriven.UserDD" time="0.772"/>
  <system-out><![CDATA[Request method:	POST
Request URI:	https://petstore.swagger.io/v2/user
Proxy:			<none>
Request params:	<none>
Query params:	<none>
Form params:	<none>
Path params:	<none>
Headers:		Accept=*/*
				Content-Type=application/json
Cookies:		<none>
Multiparts:		<none>
Body:
{
    "firstName": "Snoopy",
    "lastName": "Malhado",
    "password": "123456",
    "userStatus": "0",
    "phone": "41999999999",
    "id": "458712",
    "email": "testesnoopy@teste.com",
    "username": "TesteSnoopy"
}
HTTP/1.1 200 OK
Date: Tue, 31 Aug 2021 21:14:09 GMT
Content-Type: application/json
Transfer-Encoding: chunked
Connection: keep-alive
Access-Control-Allow-Origin: *
Access-Control-Allow-Methods: GET, POST, DELETE, PUT
Access-Control-Allow-Headers: Content-Type, api_key, Authorization
Server: Jetty(9.2.9.v20150224)

{
    "code": 200,
    "type": "unknown",
    "message": "458712"
}
O userID eh: 458712
Request method:	POST
Request URI:	https://petstore.swagger.io/v2/user
Proxy:			<none>
Request params:	<none>
Query params:	<none>
Form params:	<none>
Path params:	<none>
Headers:		Accept=*/*
				Content-Type=application/json
Cookies:		<none>
Multiparts:		<none>
Body:
{
    "firstName": "lucy",
    "lastName": "carter",
    "password": "654321",
    "userStatus": "0",
    "phone": "11988888888",
    "id": "458713",
    "email": "lucycarter@teste.com",
    "username": "lucy"
}
HTTP/1.1 200 OK
Date: Tue, 31 Aug 2021 21:14:11 GMT
Content-Type: application/json
Transfer-Encoding: chunked
Connection: keep-alive
Access-Control-Allow-Origin: *
Access-Control-Allow-Methods: GET, POST, DELETE, PUT
Access-Control-Allow-Headers: Content-Type, api_key, Authorization
Server: Jetty(9.2.9.v20150224)

{
    "code": 200,
    "type": "unknown",
    "message": "458713"
}
O userID eh: 458713
Request method:	POST
Request URI:	https://petstore.swagger.io/v2/user
Proxy:			<none>
Request params:	<none>
Query params:	<none>
Form params:	<none>
Path params:	<none>
Headers:		Accept=*/*
				Content-Type=application/json
Cookies:		<none>
Multiparts:		<none>
Body:
{
    "firstName": "Charlene",
    "lastName": "Padberg",
    "password": "hn4LO6WkDOdfLr2",
    "userStatus": "0",
    "phone": "11912166003",
    "id": "458714",
    "email": "Meagan76@gmail.com",
    "username": "Drew_Trantow"
}
HTTP/1.1 200 OK
Date: Tue, 31 Aug 2021 21:14:11 GMT
Content-Type: application/json
Transfer-Encoding: chunked
Connection: keep-alive
Access-Control-Allow-Origin: *
Access-Control-Allow-Methods: GET, POST, DELETE, PUT
Access-Control-Allow-Headers: Content-Type, api_key, Authorization
Server: Jetty(9.2.9.v20150224)

{
    "code": 200,
    "type": "unknown",
    "message": "458714"
}
O userID eh: 458714
Request method:	POST
Request URI:	https://petstore.swagger.io/v2/user
Proxy:			<none>
Request params:	<none>
Query params:	<none>
Form params:	<none>
Path params:	<none>
Headers:		Accept=*/*
				Content-Type=application/json
Cookies:		<none>
Multiparts:		<none>
Body:
{
    "firstName": "Wanda",
    "lastName": "Hegmann",
    "password": "Mi8nEpKqp2H9Y5u",
    "userStatus": "0",
    "phone": "11965974815",
    "id": "458715",
    "email": "Susie_Daniel@yahoo.com",
    "username": "Dagmar96"
}
HTTP/1.1 200 OK
Date: Tue, 31 Aug 2021 21:14:12 GMT
Content-Type: application/json
Transfer-Encoding: chunked
Connection: keep-alive
Access-Control-Allow-Origin: *
Access-Control-Allow-Methods: GET, POST, DELETE, PUT
Access-Control-Allow-Headers: Content-Type, api_key, Authorization
Server: Jetty(9.2.9.v20150224)

{
    "code": 200,
    "type": "unknown",
    "message": "458715"
}
O userID eh: 458715
Request method:	POST
Request URI:	https://petstore.swagger.io/v2/user
Proxy:			<none>
Request params:	<none>
Query params:	<none>
Form params:	<none>
Path params:	<none>
Headers:		Accept=*/*
				Content-Type=application/json
Cookies:		<none>
Multiparts:		<none>
Body:
{
    "firstName": "Alisha",
    "lastName": "Morar",
    "password": "6w020cFVfHDWNHr",
    "userStatus": "0",
    "phone": "11965321786",
    "id": "458715",
    "email": "Lane_Homenick86@gmail.com",
    "username": "Gabrielle35"
}
HTTP/1.1 200 OK
Date: Tue, 31 Aug 2021 21:14:13 GMT
Content-Type: application/json
Transfer-Encoding: chunked
Connection: keep-alive
Access-Control-Allow-Origin: *
Access-Control-Allow-Methods: GET, POST, DELETE, PUT
Access-Control-Allow-Headers: Content-Type, api_key, Authorization
Server: Jetty(9.2.9.v20150224)

{
    "code": 200,
    "type": "unknown",
    "message": "458715"
}
O userID eh: 458715
Request method:	POST
Request URI:	https://petstore.swagger.io/v2/user
Proxy:			<none>
Request params:	<none>
Query params:	<none>
Form params:	<none>
Path params:	<none>
Headers:		Accept=*/*
				Content-Type=application/json
Cookies:		<none>
Multiparts:		<none>
Body:
{
    "firstName": "Hanna",
    "lastName": "Bogan",
    "password": "7QPnJfvc1QlxX2H",
    "userStatus": "0",
    "phone": "11938095423",
    "id": "458715",
    "email": "Victoria34@gmail.com",
    "username": "Paolo.Kunde2"
}
HTTP/1.1 200 OK
Date: Tue, 31 Aug 2021 21:14:14 GMT
Content-Type: application/json
Transfer-Encoding: chunked
Connection: keep-alive
Access-Control-Allow-Origin: *
Access-Control-Allow-Methods: GET, POST, DELETE, PUT
Access-Control-Allow-Headers: Content-Type, api_key, Authorization
Server: Jetty(9.2.9.v20150224)

{
    "code": 200,
    "type": "unknown",
    "message": "458715"
}
O userID eh: 458715
Request method:	POST
Request URI:	https://petstore.swagger.io/v2/user
Proxy:			<none>
Request params:	<none>
Query params:	<none>
Form params:	<none>
Path params:	<none>
Headers:		Accept=*/*
				Content-Type=application/json
Cookies:		<none>
Multiparts:		<none>
Body:
{
    "firstName": "Cade",
    "lastName": "Kemmer",
    "password": "HDXVx6jW88YKfE9",
    "userStatus": "0",
    "phone": "11976477264",
    "id": "458715",
    "email": "Caitlyn.Spinka@hotmail.com",
    "username": "Julie.Spencer69"
}
HTTP/1.1 200 OK
Date: Tue, 31 Aug 2021 21:14:15 GMT
Content-Type: application/json
Transfer-Encoding: chunked
Connection: keep-alive
Access-Control-Allow-Origin: *
Access-Control-Allow-Methods: GET, POST, DELETE, PUT
Access-Control-Allow-Headers: Content-Type, api_key, Authorization
Server: Jetty(9.2.9.v20150224)

{
    "code": 200,
    "type": "unknown",
    "message": "458715"
}
O userID eh: 458715
Request method:	POST
Request URI:	https://petstore.swagger.io/v2/user
Proxy:			<none>
Request params:	<none>
Query params:	<none>
Form params:	<none>
Path params:	<none>
Headers:		Accept=*/*
				Content-Type=application/json
Cookies:		<none>
Multiparts:		<none>
Body:
{
    "firstName": "Gianni",
    "lastName": "Murazik",
    "password": "a2TNp_2gM4OO9Og",
    "userStatus": "0",
    "phone": "11959777692",
    "id": "458715",
    "email": "Golda_Lehner@gmail.com",
    "username": "Myra_Zemlak"
}
HTTP/1.1 200 OK
Date: Tue, 31 Aug 2021 21:14:16 GMT
Content-Type: application/json
Transfer-Encoding: chunked
Connection: keep-alive
Access-Control-Allow-Origin: *
Access-Control-Allow-Methods: GET, POST, DELETE, PUT
Access-Control-Allow-Headers: Content-Type, api_key, Authorization
Server: Jetty(9.2.9.v20150224)

{
    "code": 200,
    "type": "unknown",
    "message": "458715"
}
O userID eh: 458715
Request method:	POST
Request URI:	https://petstore.swagger.io/v2/user
Proxy:			<none>
Request params:	<none>
Query params:	<none>
Form params:	<none>
Path params:	<none>
Headers:		Accept=*/*
				Content-Type=application/json
Cookies:		<none>
Multiparts:		<none>
Body:
{
    "firstName": "Terrance",
    "lastName": "Crist",
    "password": "_ii6CiT1s3ULzvB",
    "userStatus": "0",
    "phone": "11940153289",
    "id": "458715",
    "email": "Nia.Mohr67@yahoo.com",
    "username": "Janae2"
}
HTTP/1.1 200 OK
Date: Tue, 31 Aug 2021 21:14:16 GMT
Content-Type: application/json
Transfer-Encoding: chunked
Connection: keep-alive
Access-Control-Allow-Origin: *
Access-Control-Allow-Methods: GET, POST, DELETE, PUT
Access-Control-Allow-Headers: Content-Type, api_key, Authorization
Server: Jetty(9.2.9.v20150224)

{
    "code": 200,
    "type": "unknown",
    "message": "458715"
}
O userID eh: 458715
Request method:	POST
Request URI:	https://petstore.swagger.io/v2/user
Proxy:			<none>
Request params:	<none>
Query params:	<none>
Form params:	<none>
Path params:	<none>
Headers:		Accept=*/*
				Content-Type=application/json
Cookies:		<none>
Multiparts:		<none>
Body:
{
    "firstName": "Casper",
    "lastName": "Fay",
    "password": "SsupGAwGoIW9xWB",
    "userStatus": "0",
    "phone": "11965016047",
    "id": "458715",
    "email": "Fae45@hotmail.com",
    "username": "Cleta.Reichel"
}
HTTP/1.1 200 OK
Date: Tue, 31 Aug 2021 21:14:17 GMT
Content-Type: application/json
Transfer-Encoding: chunked
Connection: keep-alive
Access-Control-Allow-Origin: *
Access-Control-Allow-Methods: GET, POST, DELETE, PUT
Access-Control-Allow-Headers: Content-Type, api_key, Authorization
Server: Jetty(9.2.9.v20150224)

{
    "code": 200,
    "type": "unknown",
    "message": "458715"
}
O userID eh: 458715
Request method:	POST
Request URI:	https://petstore.swagger.io/v2/user
Proxy:			<none>
Request params:	<none>
Query params:	<none>
Form params:	<none>
Path params:	<none>
Headers:		Accept=*/*
				Content-Type=application/json
Cookies:		<none>
Multiparts:		<none>
Body:
{
    "firstName": "Alessandra",
    "lastName": "Bogan",
    "password": "sc1SaFxmm3KEjFz",
    "userStatus": "0",
    "phone": "11979217563",
    "id": "458715",
    "email": "Gabe_Swaniawski@hotmail.com",
    "username": "Aaron.Hickle54"
}
HTTP/1.1 200 OK
Date: Tue, 31 Aug 2021 21:14:18 GMT
Content-Type: application/json
Transfer-Encoding: chunked
Connection: keep-alive
Access-Control-Allow-Origin: *
Access-Control-Allow-Methods: GET, POST, DELETE, PUT
Access-Control-Allow-Headers: Content-Type, api_key, Authorization
Server: Jetty(9.2.9.v20150224)

{
    "code": 200,
    "type": "unknown",
    "message": "458715"
}
O userID eh: 458715
Request method:	POST
Request URI:	https://petstore.swagger.io/v2/user
Proxy:			<none>
Request params:	<none>
Query params:	<none>
Form params:	<none>
Path params:	<none>
Headers:		Accept=*/*
				Content-Type=application/json
Cookies:		<none>
Multiparts:		<none>
Body:
{
    "firstName": "Edna",
    "lastName": "Windler",
    "password": "3CZS5uYHtUClY6u",
    "userStatus": "0",
    "phone": "11937061727",
    "id": "458715",
    "email": "Alf87@gmail.com",
    "username": "Cameron_Heathcote36"
}
HTTP/1.1 200 OK
Date: Tue, 31 Aug 2021 21:14:19 GMT
Content-Type: application/json
Transfer-Encoding: chunked
Connection: keep-alive
Access-Control-Allow-Origin: *
Access-Control-Allow-Methods: GET, POST, DELETE, PUT
Access-Control-Allow-Headers: Content-Type, api_key, Authorization
Server: Jetty(9.2.9.v20150224)

{
    "code": 200,
    "type": "unknown",
    "message": "458715"
}
O userID eh: 458715
Request method:	POST
Request URI:	https://petstore.swagger.io/v2/user
Proxy:			<none>
Request params:	<none>
Query params:	<none>
Form params:	<none>
Path params:	<none>
Headers:		Accept=*/*
				Content-Type=application/json
Cookies:		<none>
Multiparts:		<none>
Body:
{
    "firstName": "Heloise",
    "lastName": "Schmidt",
    "password": "HT6QY3kRKJfjbqT",
    "userStatus": "0",
    "phone": "11949772653",
    "id": "458715",
    "email": "Claudia_Graham@hotmail.com",
    "username": "Cassandra1"
}
HTTP/1.1 200 OK
Date: Tue, 31 Aug 2021 21:14:20 GMT
Content-Type: application/json
Transfer-Encoding: chunked
Connection: keep-alive
Access-Control-Allow-Origin: *
Access-Control-Allow-Methods: GET, POST, DELETE, PUT
Access-Control-Allow-Headers: Content-Type, api_key, Authorization
Server: Jetty(9.2.9.v20150224)

{
    "code": 200,
    "type": "unknown",
    "message": "458715"
}
O userID eh: 458715
Request method:	POST
Request URI:	https://petstore.swagger.io/v2/user
Proxy:			<none>
Request params:	<none>
Query params:	<none>
Form params:	<none>
Path params:	<none>
Headers:		Accept=*/*
				Content-Type=application/json
Cookies:		<none>
Multiparts:		<none>
Body:
{
    "firstName": "Taya",
    "lastName": "Welch",
    "password": "19B4trYqgqMDsOJ",
    "userStatus": "0",
    "phone": "11982716302",
    "id": "458715",
    "email": "Amir57@gmail.com",
    "username": "Alexandro98"
}
HTTP/1.1 200 OK
Date: Tue, 31 Aug 2021 21:14:20 GMT
Content-Type: application/json
Transfer-Encoding: chunked
Connection: keep-alive
Access-Control-Allow-Origin: *
Access-Control-Allow-Methods: GET, POST, DELETE, PUT
Access-Control-Allow-Headers: Content-Type, api_key, Authorization
Server: Jetty(9.2.9.v20150224)

{
    "code": 200,
    "type": "unknown",
    "message": "458715"
}
O userID eh: 458715
Request method:	POST
Request URI:	https://petstore.swagger.io/v2/user
Proxy:			<none>
Request params:	<none>
Query params:	<none>
Form params:	<none>
Path params:	<none>
Headers:		Accept=*/*
				Content-Type=application/json
Cookies:		<none>
Multiparts:		<none>
Body:
{
    "firstName": "Barney",
    "lastName": "Kilback",
    "password": "YVi4aNTpu2ZzkuK",
    "userStatus": "0",
    "phone": "11979748380",
    "id": "458715",
    "email": "Jacinto81@yahoo.com",
    "username": "Devin51"
}
HTTP/1.1 200 OK
Date: Tue, 31 Aug 2021 21:14:21 GMT
Content-Type: application/json
Transfer-Encoding: chunked
Connection: keep-alive
Access-Control-Allow-Origin: *
Access-Control-Allow-Methods: GET, POST, DELETE, PUT
Access-Control-Allow-Headers: Content-Type, api_key, Authorization
Server: Jetty(9.2.9.v20150224)

{
    "code": 200,
    "type": "unknown",
    "message": "458715"
}
O userID eh: 458715
Request method:	POST
Request URI:	https://petstore.swagger.io/v2/user
Proxy:			<none>
Request params:	<none>
Query params:	<none>
Form params:	<none>
Path params:	<none>
Headers:		Accept=*/*
				Content-Type=application/json
Cookies:		<none>
Multiparts:		<none>
Body:
{
    "firstName": "Mabel",
    "lastName": "Boehm",
    "password": "iMjBRIvaakoZufG",
    "userStatus": "0",
    "phone": "11937124692",
    "id": "458715",
    "email": "Una.Borer@gmail.com",
    "username": "Armani88"
}
HTTP/1.1 200 OK
Date: Tue, 31 Aug 2021 21:14:22 GMT
Content-Type: application/json
Transfer-Encoding: chunked
Connection: keep-alive
Access-Control-Allow-Origin: *
Access-Control-Allow-Methods: GET, POST, DELETE, PUT
Access-Control-Allow-Headers: Content-Type, api_key, Authorization
Server: Jetty(9.2.9.v20150224)

{
    "code": 200,
    "type": "unknown",
    "message": "458715"
}
O userID eh: 458715
Request method:	POST
Request URI:	https://petstore.swagger.io/v2/user
Proxy:			<none>
Request params:	<none>
Query params:	<none>
Form params:	<none>
Path params:	<none>
Headers:		Accept=*/*
				Content-Type=application/json
Cookies:		<none>
Multiparts:		<none>
Body:
{
    "firstName": "Jocelyn",
    "lastName": "Grimes",
    "password": "CMtUcv0q_rcMc7R",
    "userStatus": "0",
    "phone": "11996972194",
    "id": "458715",
    "email": "Leora_Leannon45@yahoo.com",
    "username": "Dario.Beer"
}
HTTP/1.1 200 OK
Date: Tue, 31 Aug 2021 21:14:23 GMT
Content-Type: application/json
Transfer-Encoding: chunked
Connection: keep-alive
Access-Control-Allow-Origin: *
Access-Control-Allow-Methods: GET, POST, DELETE, PUT
Access-Control-Allow-Headers: Content-Type, api_key, Authorization
Server: Jetty(9.2.9.v20150224)

{
    "code": 200,
    "type": "unknown",
    "message": "458715"
}
O userID eh: 458715
Request method:	POST
Request URI:	https://petstore.swagger.io/v2/user
Proxy:			<none>
Request params:	<none>
Query params:	<none>
Form params:	<none>
Path params:	<none>
Headers:		Accept=*/*
				Content-Type=application/json
Cookies:		<none>
Multiparts:		<none>
Body:
{
    "firstName": "Anita",
    "lastName": "White",
    "password": "Z7z7_u1M0rzOxbh",
    "userStatus": "0",
    "phone": "11935732692",
    "id": "458715",
    "email": "Leora_Homenick65@hotmail.com",
    "username": "Adalberto70"
}
HTTP/1.1 200 OK
Date: Tue, 31 Aug 2021 21:14:24 GMT
Content-Type: application/json
Transfer-Encoding: chunked
Connection: keep-alive
Access-Control-Allow-Origin: *
Access-Control-Allow-Methods: GET, POST, DELETE, PUT
Access-Control-Allow-Headers: Content-Type, api_key, Authorization
Server: Jetty(9.2.9.v20150224)

{
    "code": 200,
    "type": "unknown",
    "message": "458715"
}
O userID eh: 458715
Request method:	POST
Request URI:	https://petstore.swagger.io/v2/user
Proxy:			<none>
Request params:	<none>
Query params:	<none>
Form params:	<none>
Path params:	<none>
Headers:		Accept=*/*
				Content-Type=application/json
Cookies:		<none>
Multiparts:		<none>
Body:
{
    "firstName": "Chase",
    "lastName": "Daniel",
    "password": "OHDWJ_zxkJx7NSQ",
    "userStatus": "0",
    "phone": "11981234967",
    "id": "458715",
    "email": "Maverick.Ferry7@gmail.com",
    "username": "Vena.Kohler77"
}
HTTP/1.1 200 OK
Date: Tue, 31 Aug 2021 21:14:24 GMT
Content-Type: application/json
Transfer-Encoding: chunked
Connection: keep-alive
Access-Control-Allow-Origin: *
Access-Control-Allow-Methods: GET, POST, DELETE, PUT
Access-Control-Allow-Headers: Content-Type, api_key, Authorization
Server: Jetty(9.2.9.v20150224)

{
    "code": 200,
    "type": "unknown",
    "message": "458715"
}
O userID eh: 458715
Request method:	POST
Request URI:	https://petstore.swagger.io/v2/user
Proxy:			<none>
Request params:	<none>
Query params:	<none>
Form params:	<none>
Path params:	<none>
Headers:		Accept=*/*
				Content-Type=application/json
Cookies:		<none>
Multiparts:		<none>
Body:
{
    "firstName": "Ernestina",
    "lastName": "Runolfsson",
    "password": "tnwA4WbLJsFtN97",
    "userStatus": "0",
    "phone": "11953488568",
    "id": "458715",
    "email": "Mitchel.Botsford76@gmail.com",
    "username": "Rhett_Welch46"
}
HTTP/1.1 200 OK
Date: Tue, 31 Aug 2021 21:14:25 GMT
Content-Type: application/json
Transfer-Encoding: chunked
Connection: keep-alive
Access-Control-Allow-Origin: *
Access-Control-Allow-Methods: GET, POST, DELETE, PUT
Access-Control-Allow-Headers: Content-Type, api_key, Authorization
Server: Jetty(9.2.9.v20150224)

{
    "code": 200,
    "type": "unknown",
    "message": "458715"
}
O userID eh: 458715
Request method:	POST
Request URI:	https://petstore.swagger.io/v2/user
Proxy:			<none>
Request params:	<none>
Query params:	<none>
Form params:	<none>
Path params:	<none>
Headers:		Accept=*/*
				Content-Type=application/json
Cookies:		<none>
Multiparts:		<none>
Body:
{
    "firstName": "Rigoberto",
    "lastName": "Jerde",
    "password": "R6y5CD01bIZ6ImN",
    "userStatus": "0",
    "phone": "11996761266",
    "id": "458715",
    "email": "Braeden.Grimes@hotmail.com",
    "username": "Sid49"
}
HTTP/1.1 200 OK
Date: Tue, 31 Aug 2021 21:14:26 GMT
Content-Type: application/json
Transfer-Encoding: chunked
Connection: keep-alive
Access-Control-Allow-Origin: *
Access-Control-Allow-Methods: GET, POST, DELETE, PUT
Access-Control-Allow-Headers: Content-Type, api_key, Authorization
Server: Jetty(9.2.9.v20150224)

{
    "code": 200,
    "type": "unknown",
    "message": "458715"
}
O userID eh: 458715
Request method:	POST
Request URI:	https://petstore.swagger.io/v2/user
Proxy:			<none>
Request params:	<none>
Query params:	<none>
Form params:	<none>
Path params:	<none>
Headers:		Accept=*/*
				Content-Type=application/json
Cookies:		<none>
Multiparts:		<none>
Body:
{
    "firstName": "Tiana",
    "lastName": "MacGyver",
    "password": "t0HiEHInj8kZsED",
    "userStatus": "0",
    "phone": "11952522538",
    "id": "458715",
    "email": "Gianni_Hilll42@hotmail.com",
    "username": "Carlee76"
}
HTTP/1.1 200 OK
Date: Tue, 31 Aug 2021 21:14:27 GMT
Content-Type: application/json
Transfer-Encoding: chunked
Connection: keep-alive
Access-Control-Allow-Origin: *
Access-Control-Allow-Methods: GET, POST, DELETE, PUT
Access-Control-Allow-Headers: Content-Type, api_key, Authorization
Server: Jetty(9.2.9.v20150224)

{
    "code": 200,
    "type": "unknown",
    "message": "458715"
}
O userID eh: 458715
Request method:	POST
Request URI:	https://petstore.swagger.io/v2/user
Proxy:			<none>
Request params:	<none>
Query params:	<none>
Form params:	<none>
Path params:	<none>
Headers:		Accept=*/*
				Content-Type=application/json
Cookies:		<none>
Multiparts:		<none>
Body:
{
    "firstName": "Elinor",
    "lastName": "Friesen",
    "password": "8pLvn13dvUSxgxc",
    "userStatus": "0",
    "phone": "11982174912",
    "id": "458715",
    "email": "Arturo_Dietrich2@yahoo.com",
    "username": "Autumn20"
}
HTTP/1.1 200 OK
Date: Tue, 31 Aug 2021 21:14:28 GMT
Content-Type: application/json
Transfer-Encoding: chunked
Connection: keep-alive
Access-Control-Allow-Origin: *
Access-Control-Allow-Methods: GET, POST, DELETE, PUT
Access-Control-Allow-Headers: Content-Type, api_key, Authorization
Server: Jetty(9.2.9.v20150224)

{
    "code": 200,
    "type": "unknown",
    "message": "458715"
}
O userID eh: 458715
Request method:	POST
Request URI:	https://petstore.swagger.io/v2/user
Proxy:			<none>
Request params:	<none>
Query params:	<none>
Form params:	<none>
Path params:	<none>
Headers:		Accept=*/*
				Content-Type=application/json
Cookies:		<none>
Multiparts:		<none>
Body:
{
    "firstName": "Liza",
    "lastName": "Bauch",
    "password": "0nmkULSdSi67BOH",
    "userStatus": "0",
    "phone": "11985324476",
    "id": "458715",
    "email": "Gunner.Kautzer53@gmail.com",
    "username": "Barton32"
}
HTTP/1.1 200 OK
Date: Tue, 31 Aug 2021 21:14:29 GMT
Content-Type: application/json
Transfer-Encoding: chunked
Connection: keep-alive
Access-Control-Allow-Origin: *
Access-Control-Allow-Methods: GET, POST, DELETE, PUT
Access-Control-Allow-Headers: Content-Type, api_key, Authorization
Server: Jetty(9.2.9.v20150224)

{
    "code": 200,
    "type": "unknown",
    "message": "458715"
}
O userID eh: 458715
Request method:	POST
Request URI:	https://petstore.swagger.io/v2/user
Proxy:			<none>
Request params:	<none>
Query params:	<none>
Form params:	<none>
Path params:	<none>
Headers:		Accept=*/*
				Content-Type=application/json
Cookies:		<none>
Multiparts:		<none>
Body:
{
    "firstName": "Skylar",
    "lastName": "O'Connell",
    "password": "NXXW7P1iAkvDkSd",
    "userStatus": "0",
    "phone": "11951553796",
    "id": "458715",
    "email": "Hettie57@yahoo.com",
    "username": "Sheridan.Wiza"
}
HTTP/1.1 200 OK
Date: Tue, 31 Aug 2021 21:14:30 GMT
Content-Type: application/json
Transfer-Encoding: chunked
Connection: keep-alive
Access-Control-Allow-Origin: *
Access-Control-Allow-Methods: GET, POST, DELETE, PUT
Access-Control-Allow-Headers: Content-Type, api_key, Authorization
Server: Jetty(9.2.9.v20150224)

{
    "code": 200,
    "type": "unknown",
    "message": "458715"
}
O userID eh: 458715
Request method:	POST
Request URI:	https://petstore.swagger.io/v2/user
Proxy:			<none>
Request params:	<none>
Query params:	<none>
Form params:	<none>
Path params:	<none>
Headers:		Accept=*/*
				Content-Type=application/json
Cookies:		<none>
Multiparts:		<none>
Body:
{
    "firstName": "Simone",
    "lastName": "Heathcote",
    "password": "3Mwsm2YhdunXhXA",
    "userStatus": "0",
    "phone": "11992473383",
    "id": "458715",
    "email": "Gracie.Blanda0@yahoo.com",
    "username": "Mckayla.Dicki7"
}
HTTP/1.1 200 OK
Date: Tue, 31 Aug 2021 21:14:30 GMT
Content-Type: application/json
Transfer-Encoding: chunked
Connection: keep-alive
Access-Control-Allow-Origin: *
Access-Control-Allow-Methods: GET, POST, DELETE, PUT
Access-Control-Allow-Headers: Content-Type, api_key, Authorization
Server: Jetty(9.2.9.v20150224)

{
    "code": 200,
    "type": "unknown",
    "message": "458715"
}
O userID eh: 458715
Request method:	POST
Request URI:	https://petstore.swagger.io/v2/user
Proxy:			<none>
Request params:	<none>
Query params:	<none>
Form params:	<none>
Path params:	<none>
Headers:		Accept=*/*
				Content-Type=application/json
Cookies:		<none>
Multiparts:		<none>
Body:
{
    "firstName": "Devante",
    "lastName": "Frami",
    "password": "9ZDFdyXdLACPEtW",
    "userStatus": "0",
    "phone": "11984245972",
    "id": "458715",
    "email": "Buford_OHara99@hotmail.com",
    "username": "Alexzander_Volkman"
}
HTTP/1.1 200 OK
Date: Tue, 31 Aug 2021 21:14:31 GMT
Content-Type: application/json
Transfer-Encoding: chunked
Connection: keep-alive
Access-Control-Allow-Origin: *
Access-Control-Allow-Methods: GET, POST, DELETE, PUT
Access-Control-Allow-Headers: Content-Type, api_key, Authorization
Server: Jetty(9.2.9.v20150224)

{
    "code": 200,
    "type": "unknown",
    "message": "458715"
}
O userID eh: 458715
Request method:	POST
Request URI:	https://petstore.swagger.io/v2/user
Proxy:			<none>
Request params:	<none>
Query params:	<none>
Form params:	<none>
Path params:	<none>
Headers:		Accept=*/*
				Content-Type=application/json
Cookies:		<none>
Multiparts:		<none>
Body:
{
    "firstName": "Anissa",
    "lastName": "Stracke",
    "password": "hgUaHN03n9H11RE",
    "userStatus": "0",
    "phone": "11946366678",
    "id": "458715",
    "email": "May_Effertz47@hotmail.com",
    "username": "Logan19"
}
HTTP/1.1 200 OK
Date: Tue, 31 Aug 2021 21:14:32 GMT
Content-Type: application/json
Transfer-Encoding: chunked
Connection: keep-alive
Access-Control-Allow-Origin: *
Access-Control-Allow-Methods: GET, POST, DELETE, PUT
Access-Control-Allow-Headers: Content-Type, api_key, Authorization
Server: Jetty(9.2.9.v20150224)

{
    "code": 200,
    "type": "unknown",
    "message": "458715"
}
O userID eh: 458715
Request method:	POST
Request URI:	https://petstore.swagger.io/v2/user
Proxy:			<none>
Request params:	<none>
Query params:	<none>
Form params:	<none>
Path params:	<none>
Headers:		Accept=*/*
				Content-Type=application/json
Cookies:		<none>
Multiparts:		<none>
Body:
{
    "firstName": "Manuela",
    "lastName": "Ryan",
    "password": "rMvJXpEXoGKVayM",
    "userStatus": "0",
    "phone": "11979247612",
    "id": "458715",
    "email": "Jarred.Rogahn22@gmail.com",
    "username": "Omari.Abbott"
}
HTTP/1.1 200 OK
Date: Tue, 31 Aug 2021 21:14:33 GMT
Content-Type: application/json
Transfer-Encoding: chunked
Connection: keep-alive
Access-Control-Allow-Origin: *
Access-Control-Allow-Methods: GET, POST, DELETE, PUT
Access-Control-Allow-Headers: Content-Type, api_key, Authorization
Server: Jetty(9.2.9.v20150224)

{
    "code": 200,
    "type": "unknown",
    "message": "458715"
}
O userID eh: 458715
Request method:	POST
Request URI:	https://petstore.swagger.io/v2/user
Proxy:			<none>
Request params:	<none>
Query params:	<none>
Form params:	<none>
Path params:	<none>
Headers:		Accept=*/*
				Content-Type=application/json
Cookies:		<none>
Multiparts:		<none>
Body:
{
    "firstName": "Ariel",
    "lastName": "Sawayn",
    "password": "wBtlNYa_uti0cPj",
    "userStatus": "0",
    "phone": "11982878986",
    "id": "458715",
    "email": "Rhett86@hotmail.com",
    "username": "Hayden.Murphy"
}
HTTP/1.1 200 OK
Date: Tue, 31 Aug 2021 21:14:34 GMT
Content-Type: application/json
Transfer-Encoding: chunked
Connection: keep-alive
Access-Control-Allow-Origin: *
Access-Control-Allow-Methods: GET, POST, DELETE, PUT
Access-Control-Allow-Headers: Content-Type, api_key, Authorization
Server: Jetty(9.2.9.v20150224)

{
    "code": 200,
    "type": "unknown",
    "message": "458715"
}
O userID eh: 458715
Request method:	POST
Request URI:	https://petstore.swagger.io/v2/user
Proxy:			<none>
Request params:	<none>
Query params:	<none>
Form params:	<none>
Path params:	<none>
Headers:		Accept=*/*
				Content-Type=application/json
Cookies:		<none>
Multiparts:		<none>
Body:
{
    "firstName": "William",
    "lastName": "Ankunding",
    "password": "dh4nsjsmjQjhYJl",
    "userStatus": "0",
    "phone": "11983320497",
    "id": "458715",
    "email": "Vernon1@gmail.com",
    "username": "Madisyn.Tromp77"
}
HTTP/1.1 200 OK
Date: Tue, 31 Aug 2021 21:14:35 GMT
Content-Type: application/json
Transfer-Encoding: chunked
Connection: keep-alive
Access-Control-Allow-Origin: *
Access-Control-Allow-Methods: GET, POST, DELETE, PUT
Access-Control-Allow-Headers: Content-Type, api_key, Authorization
Server: Jetty(9.2.9.v20150224)

{
    "code": 200,
    "type": "unknown",
    "message": "458715"
}
O userID eh: 458715
Request method:	POST
Request URI:	https://petstore.swagger.io/v2/user
Proxy:			<none>
Request params:	<none>
Query params:	<none>
Form params:	<none>
Path params:	<none>
Headers:		Accept=*/*
				Content-Type=application/json
Cookies:		<none>
Multiparts:		<none>
Body:
{
    "firstName": "Gillian",
    "lastName": "Roberts",
    "password": "57l3oRd5CbONlWg",
    "userStatus": "0",
    "phone": "11957229883",
    "id": "458715",
    "email": "Anika14@hotmail.com",
    "username": "Jordane_Leannon"
}
HTTP/1.1 200 OK
Date: Tue, 31 Aug 2021 21:14:35 GMT
Content-Type: application/json
Transfer-Encoding: chunked
Connection: keep-alive
Access-Control-Allow-Origin: *
Access-Control-Allow-Methods: GET, POST, DELETE, PUT
Access-Control-Allow-Headers: Content-Type, api_key, Authorization
Server: Jetty(9.2.9.v20150224)

{
    "code": 200,
    "type": "unknown",
    "message": "458715"
}
O userID eh: 458715
Request method:	POST
Request URI:	https://petstore.swagger.io/v2/user
Proxy:			<none>
Request params:	<none>
Query params:	<none>
Form params:	<none>
Path params:	<none>
Headers:		Accept=*/*
				Content-Type=application/json
Cookies:		<none>
Multiparts:		<none>
Body:
{
    "firstName": "Keeley",
    "lastName": "Terry",
    "password": "e8YiG48_AR147_P",
    "userStatus": "0",
    "phone": "11977683536",
    "id": "458715",
    "email": "Yasmine.Auer@gmail.com",
    "username": "Ardith.Kuphal"
}
HTTP/1.1 200 OK
Date: Tue, 31 Aug 2021 21:14:36 GMT
Content-Type: application/json
Transfer-Encoding: chunked
Connection: keep-alive
Access-Control-Allow-Origin: *
Access-Control-Allow-Methods: GET, POST, DELETE, PUT
Access-Control-Allow-Headers: Content-Type, api_key, Authorization
Server: Jetty(9.2.9.v20150224)

{
    "code": 200,
    "type": "unknown",
    "message": "458715"
}
O userID eh: 458715
Request method:	POST
Request URI:	https://petstore.swagger.io/v2/user
Proxy:			<none>
Request params:	<none>
Query params:	<none>
Form params:	<none>
Path params:	<none>
Headers:		Accept=*/*
				Content-Type=application/json
Cookies:		<none>
Multiparts:		<none>
Body:
{
    "firstName": "Eleanora",
    "lastName": "Torphy",
    "password": "NMbnNqkU6N64mXV",
    "userStatus": "0",
    "phone": "11974617252",
    "id": "458715",
    "email": "Jules94@hotmail.com",
    "username": "Isadore38"
}
HTTP/1.1 200 OK
Date: Tue, 31 Aug 2021 21:14:37 GMT
Content-Type: application/json
Transfer-Encoding: chunked
Connection: keep-alive
Access-Control-Allow-Origin: *
Access-Control-Allow-Methods: GET, POST, DELETE, PUT
Access-Control-Allow-Headers: Content-Type, api_key, Authorization
Server: Jetty(9.2.9.v20150224)

{
    "code": 200,
    "type": "unknown",
    "message": "458715"
}
O userID eh: 458715
Request method:	POST
Request URI:	https://petstore.swagger.io/v2/user
Proxy:			<none>
Request params:	<none>
Query params:	<none>
Form params:	<none>
Path params:	<none>
Headers:		Accept=*/*
				Content-Type=application/json
Cookies:		<none>
Multiparts:		<none>
Body:
{
    "firstName": "Myah",
    "lastName": "Lemke",
    "password": "rLbmpucSRTVg2au",
    "userStatus": "0",
    "phone": "11934469458",
    "id": "458715",
    "email": "Genesis91@hotmail.com",
    "username": "Ethel62"
}
HTTP/1.1 200 OK
Date: Tue, 31 Aug 2021 21:14:38 GMT
Content-Type: application/json
Transfer-Encoding: chunked
Connection: keep-alive
Access-Control-Allow-Origin: *
Access-Control-Allow-Methods: GET, POST, DELETE, PUT
Access-Control-Allow-Headers: Content-Type, api_key, Authorization
Server: Jetty(9.2.9.v20150224)

{
    "code": 200,
    "type": "unknown",
    "message": "458715"
}
O userID eh: 458715
Request method:	POST
Request URI:	https://petstore.swagger.io/v2/user
Proxy:			<none>
Request params:	<none>
Query params:	<none>
Form params:	<none>
Path params:	<none>
Headers:		Accept=*/*
				Content-Type=application/json
Cookies:		<none>
Multiparts:		<none>
Body:
{
    "firstName": "Katelynn",
    "lastName": "Keebler",
    "password": "CKY9HOoPGCKO1zA",
    "userStatus": "0",
    "phone": "11942269655",
    "id": "458715",
    "email": "Cleora.Ebert94@gmail.com",
    "username": "Annette.Kub"
}
HTTP/1.1 200 OK
Date: Tue, 31 Aug 2021 21:14:39 GMT
Content-Type: application/json
Transfer-Encoding: chunked
Connection: keep-alive
Access-Control-Allow-Origin: *
Access-Control-Allow-Methods: GET, POST, DELETE, PUT
Access-Control-Allow-Headers: Content-Type, api_key, Authorization
Server: Jetty(9.2.9.v20150224)

{
    "code": 200,
    "type": "unknown",
    "message": "458715"
}
O userID eh: 458715
Request method:	POST
Request URI:	https://petstore.swagger.io/v2/user
Proxy:			<none>
Request params:	<none>
Query params:	<none>
Form params:	<none>
Path params:	<none>
Headers:		Accept=*/*
				Content-Type=application/json
Cookies:		<none>
Multiparts:		<none>
Body:
{
    "firstName": "Jorge",
    "lastName": "Langworth",
    "password": "sYjJQ0JGoQxtsIz",
    "userStatus": "0",
    "phone": "11941003414",
    "id": "458715",
    "email": "Camden65@yahoo.com",
    "username": "Sigrid_Rosenbaum"
}
HTTP/1.1 200 OK
Date: Tue, 31 Aug 2021 21:14:40 GMT
Content-Type: application/json
Transfer-Encoding: chunked
Connection: keep-alive
Access-Control-Allow-Origin: *
Access-Control-Allow-Methods: GET, POST, DELETE, PUT
Access-Control-Allow-Headers: Content-Type, api_key, Authorization
Server: Jetty(9.2.9.v20150224)

{
    "code": 200,
    "type": "unknown",
    "message": "458715"
}
O userID eh: 458715
Request method:	POST
Request URI:	https://petstore.swagger.io/v2/user
Proxy:			<none>
Request params:	<none>
Query params:	<none>
Form params:	<none>
Path params:	<none>
Headers:		Accept=*/*
				Content-Type=application/json
Cookies:		<none>
Multiparts:		<none>
Body:
{
    "firstName": "Monserrate",
    "lastName": "Cronin",
    "password": "D2dKNAP5iTSF1An",
    "userStatus": "0",
    "phone": "11919657788",
    "id": "458715",
    "email": "Liana0@gmail.com",
    "username": "Hubert82"
}
HTTP/1.1 200 OK
Date: Tue, 31 Aug 2021 21:14:41 GMT
Content-Type: application/json
Transfer-Encoding: chunked
Connection: keep-alive
Access-Control-Allow-Origin: *
Access-Control-Allow-Methods: GET, POST, DELETE, PUT
Access-Control-Allow-Headers: Content-Type, api_key, Authorization
Server: Jetty(9.2.9.v20150224)

{
    "code": 200,
    "type": "unknown",
    "message": "458715"
}
O userID eh: 458715
Request method:	POST
Request URI:	https://petstore.swagger.io/v2/user
Proxy:			<none>
Request params:	<none>
Query params:	<none>
Form params:	<none>
Path params:	<none>
Headers:		Accept=*/*
				Content-Type=application/json
Cookies:		<none>
Multiparts:		<none>
Body:
{
    "firstName": "Jordane",
    "lastName": "Marquardt",
    "password": "lA3CZfdteKt41fD",
    "userStatus": "0",
    "phone": "11981865929",
    "id": "458715",
    "email": "Mathias.Donnelly99@hotmail.com",
    "username": "Ari_Reynolds17"
}
HTTP/1.1 200 OK
Date: Tue, 31 Aug 2021 21:14:42 GMT
Content-Type: application/json
Transfer-Encoding: chunked
Connection: keep-alive
Access-Control-Allow-Origin: *
Access-Control-Allow-Methods: GET, POST, DELETE, PUT
Access-Control-Allow-Headers: Content-Type, api_key, Authorization
Server: Jetty(9.2.9.v20150224)

{
    "code": 200,
    "type": "unknown",
    "message": "458715"
}
O userID eh: 458715
Request method:	POST
Request URI:	https://petstore.swagger.io/v2/user
Proxy:			<none>
Request params:	<none>
Query params:	<none>
Form params:	<none>
Path params:	<none>
Headers:		Accept=*/*
				Content-Type=application/json
Cookies:		<none>
Multiparts:		<none>
Body:
{
    "firstName": "Rosemarie",
    "lastName": "Grant",
    "password": "2A5ZGU8BcTJmLFL",
    "userStatus": "0",
    "phone": "11939018202",
    "id": "458715",
    "email": "Kaci_Schiller15@gmail.com",
    "username": "Reese65"
}
HTTP/1.1 200 OK
Date: Tue, 31 Aug 2021 21:14:42 GMT
Content-Type: application/json
Transfer-Encoding: chunked
Connection: keep-alive
Access-Control-Allow-Origin: *
Access-Control-Allow-Methods: GET, POST, DELETE, PUT
Access-Control-Allow-Headers: Content-Type, api_key, Authorization
Server: Jetty(9.2.9.v20150224)

{
    "code": 200,
    "type": "unknown",
    "message": "458715"
}
O userID eh: 458715
Request method:	POST
Request URI:	https://petstore.swagger.io/v2/user
Proxy:			<none>
Request params:	<none>
Query params:	<none>
Form params:	<none>
Path params:	<none>
Headers:		Accept=*/*
				Content-Type=application/json
Cookies:		<none>
Multiparts:		<none>
Body:
{
    "firstName": "Layne",
    "lastName": "Goodwin",
    "password": "e8DFk1rc02K8b5l",
    "userStatus": "0",
    "phone": "11911568682",
    "id": "458715",
    "email": "Marianne91@hotmail.com",
    "username": "Pink.Rogahn93"
}
HTTP/1.1 200 OK
Date: Tue, 31 Aug 2021 21:14:43 GMT
Content-Type: application/json
Transfer-Encoding: chunked
Connection: keep-alive
Access-Control-Allow-Origin: *
Access-Control-Allow-Methods: GET, POST, DELETE, PUT
Access-Control-Allow-Headers: Content-Type, api_key, Authorization
Server: Jetty(9.2.9.v20150224)

{
    "code": 200,
    "type": "unknown",
    "message": "458715"
}
O userID eh: 458715
Request method:	POST
Request URI:	https://petstore.swagger.io/v2/user
Proxy:			<none>
Request params:	<none>
Query params:	<none>
Form params:	<none>
Path params:	<none>
Headers:		Accept=*/*
				Content-Type=application/json
Cookies:		<none>
Multiparts:		<none>
Body:
{
    "firstName": "Jaquan",
    "lastName": "Osinski",
    "password": "5KAK0Iy2gOsap6C",
    "userStatus": "0",
    "phone": "11950696995",
    "id": "458715",
    "email": "Rolando15@yahoo.com",
    "username": "Frederik.Boehm71"
}
HTTP/1.1 200 OK
Date: Tue, 31 Aug 2021 21:14:44 GMT
Content-Type: application/json
Transfer-Encoding: chunked
Connection: keep-alive
Access-Control-Allow-Origin: *
Access-Control-Allow-Methods: GET, POST, DELETE, PUT
Access-Control-Allow-Headers: Content-Type, api_key, Authorization
Server: Jetty(9.2.9.v20150224)

{
    "code": 200,
    "type": "unknown",
    "message": "458715"
}
O userID eh: 458715
Request method:	POST
Request URI:	https://petstore.swagger.io/v2/user
Proxy:			<none>
Request params:	<none>
Query params:	<none>
Form params:	<none>
Path params:	<none>
Headers:		Accept=*/*
				Content-Type=application/json
Cookies:		<none>
Multiparts:		<none>
Body:
{
    "firstName": "Sedrick",
    "lastName": "Pollich",
    "password": "NwaqLuf61UiXm4z",
    "userStatus": "0",
    "phone": "11925140198",
    "id": "458715",
    "email": "Shaun3@hotmail.com",
    "username": "Nola_Gorczany20"
}
HTTP/1.1 200 OK
Date: Tue, 31 Aug 2021 21:14:45 GMT
Content-Type: application/json
Transfer-Encoding: chunked
Connection: keep-alive
Access-Control-Allow-Origin: *
Access-Control-Allow-Methods: GET, POST, DELETE, PUT
Access-Control-Allow-Headers: Content-Type, api_key, Authorization
Server: Jetty(9.2.9.v20150224)

{
    "code": 200,
    "type": "unknown",
    "message": "458715"
}
O userID eh: 458715
Request method:	POST
Request URI:	https://petstore.swagger.io/v2/user
Proxy:			<none>
Request params:	<none>
Query params:	<none>
Form params:	<none>
Path params:	<none>
Headers:		Accept=*/*
				Content-Type=application/json
Cookies:		<none>
Multiparts:		<none>
Body:
{
    "firstName": "Ruth",
    "lastName": "Harris",
    "password": "9U7nwZ2BpGeTo6O",
    "userStatus": "0",
    "phone": "11951231219",
    "id": "458715",
    "email": "Rosalia58@hotmail.com",
    "username": "Alexanne.Kutch66"
}
HTTP/1.1 200 OK
Date: Tue, 31 Aug 2021 21:14:46 GMT
Content-Type: application/json
Transfer-Encoding: chunked
Connection: keep-alive
Access-Control-Allow-Origin: *
Access-Control-Allow-Methods: GET, POST, DELETE, PUT
Access-Control-Allow-Headers: Content-Type, api_key, Authorization
Server: Jetty(9.2.9.v20150224)

{
    "code": 200,
    "type": "unknown",
    "message": "458715"
}
O userID eh: 458715
Request method:	POST
Request URI:	https://petstore.swagger.io/v2/user
Proxy:			<none>
Request params:	<none>
Query params:	<none>
Form params:	<none>
Path params:	<none>
Headers:		Accept=*/*
				Content-Type=application/json
Cookies:		<none>
Multiparts:		<none>
Body:
{
    "firstName": "Layla",
    "lastName": "Hane",
    "password": "hgqisWh5smTzA2L",
    "userStatus": "0",
    "phone": "11922021156",
    "id": "458715",
    "email": "Akeem_Lakin20@yahoo.com",
    "username": "Columbus.Armstrong"
}
HTTP/1.1 200 OK
Date: Tue, 31 Aug 2021 21:14:47 GMT
Content-Type: application/json
Transfer-Encoding: chunked
Connection: keep-alive
Access-Control-Allow-Origin: *
Access-Control-Allow-Methods: GET, POST, DELETE, PUT
Access-Control-Allow-Headers: Content-Type, api_key, Authorization
Server: Jetty(9.2.9.v20150224)

{
    "code": 200,
    "type": "unknown",
    "message": "458715"
}
O userID eh: 458715
Request method:	POST
Request URI:	https://petstore.swagger.io/v2/user
Proxy:			<none>
Request params:	<none>
Query params:	<none>
Form params:	<none>
Path params:	<none>
Headers:		Accept=*/*
				Content-Type=application/json
Cookies:		<none>
Multiparts:		<none>
Body:
{
    "firstName": "Bethel",
    "lastName": "Schamberger",
    "password": "VWxNwY_NSD2EgR7",
    "userStatus": "0",
    "phone": "11989833058",
    "id": "458715",
    "email": "Melissa_Leffler@yahoo.com",
    "username": "Marvin79"
}
HTTP/1.1 200 OK
Date: Tue, 31 Aug 2021 21:14:48 GMT
Content-Type: application/json
Transfer-Encoding: chunked
Connection: keep-alive
Access-Control-Allow-Origin: *
Access-Control-Allow-Methods: GET, POST, DELETE, PUT
Access-Control-Allow-Headers: Content-Type, api_key, Authorization
Server: Jetty(9.2.9.v20150224)

{
    "code": 200,
    "type": "unknown",
    "message": "458715"
}
O userID eh: 458715
Request method:	POST
Request URI:	https://petstore.swagger.io/v2/user
Proxy:			<none>
Request params:	<none>
Query params:	<none>
Form params:	<none>
Path params:	<none>
Headers:		Accept=*/*
				Content-Type=application/json
Cookies:		<none>
Multiparts:		<none>
Body:
{
    "firstName": "Kimberly",
    "lastName": "Predovic",
    "password": "K_v7yYWyE1QLXmn",
    "userStatus": "0",
    "phone": "11999381075",
    "id": "458715",
    "email": "Adalberto.Homenick72@yahoo.com",
    "username": "Giuseppe.Ritchie43"
}
HTTP/1.1 200 OK
Date: Tue, 31 Aug 2021 21:14:49 GMT
Content-Type: application/json
Transfer-Encoding: chunked
Connection: keep-alive
Access-Control-Allow-Origin: *
Access-Control-Allow-Methods: GET, POST, DELETE, PUT
Access-Control-Allow-Headers: Content-Type, api_key, Authorization
Server: Jetty(9.2.9.v20150224)

{
    "code": 200,
    "type": "unknown",
    "message": "458715"
}
O userID eh: 458715
Request method:	POST
Request URI:	https://petstore.swagger.io/v2/user
Proxy:			<none>
Request params:	<none>
Query params:	<none>
Form params:	<none>
Path params:	<none>
Headers:		Accept=*/*
				Content-Type=application/json
Cookies:		<none>
Multiparts:		<none>
Body:
{
    "firstName": "Camden",
    "lastName": "Wiegand",
    "password": "CKWyMG2FtOd2ZXm",
    "userStatus": "0",
    "phone": "11957918298",
    "id": "458715",
    "email": "Nina_Mills@yahoo.com",
    "username": "Rashawn.Keeling"
}
HTTP/1.1 200 OK
Date: Tue, 31 Aug 2021 21:14:49 GMT
Content-Type: application/json
Transfer-Encoding: chunked
Connection: keep-alive
Access-Control-Allow-Origin: *
Access-Control-Allow-Methods: GET, POST, DELETE, PUT
Access-Control-Allow-Headers: Content-Type, api_key, Authorization
Server: Jetty(9.2.9.v20150224)

{
    "code": 200,
    "type": "unknown",
    "message": "458715"
}
O userID eh: 458715
Request method:	POST
Request URI:	https://petstore.swagger.io/v2/user
Proxy:			<none>
Request params:	<none>
Query params:	<none>
Form params:	<none>
Path params:	<none>
Headers:		Accept=*/*
				Content-Type=application/json
Cookies:		<none>
Multiparts:		<none>
Body:
{
    "firstName": "Candido",
    "lastName": "Renner",
    "password": "dXS2HeRmIFppA1I",
    "userStatus": "0",
    "phone": "11989099009",
    "id": "458715",
    "email": "Jett_Lesch61@yahoo.com",
    "username": "Giovanna99"
}
HTTP/1.1 200 OK
Date: Tue, 31 Aug 2021 21:14:50 GMT
Content-Type: application/json
Transfer-Encoding: chunked
Connection: keep-alive
Access-Control-Allow-Origin: *
Access-Control-Allow-Methods: GET, POST, DELETE, PUT
Access-Control-Allow-Headers: Content-Type, api_key, Authorization
Server: Jetty(9.2.9.v20150224)

{
    "code": 200,
    "type": "unknown",
    "message": "458715"
}
O userID eh: 458715
Request method:	POST
Request URI:	https://petstore.swagger.io/v2/user
Proxy:			<none>
Request params:	<none>
Query params:	<none>
Form params:	<none>
Path params:	<none>
Headers:		Accept=*/*
				Content-Type=application/json
Cookies:		<none>
Multiparts:		<none>
Body:
{
    "firstName": "Avis",
    "lastName": "McCullough",
    "password": "vA5gfky5RnaWLcC",
    "userStatus": "0",
    "phone": "11951474582",
    "id": "458715",
    "email": "Dorris.Zboncak@yahoo.com",
    "username": "Penelope.Hammes"
}
HTTP/1.1 200 OK
Date: Tue, 31 Aug 2021 21:14:51 GMT
Content-Type: application/json
Transfer-Encoding: chunked
Connection: keep-alive
Access-Control-Allow-Origin: *
Access-Control-Allow-Methods: GET, POST, DELETE, PUT
Access-Control-Allow-Headers: Content-Type, api_key, Authorization
Server: Jetty(9.2.9.v20150224)

{
    "code": 200,
    "type": "unknown",
    "message": "458715"
}
O userID eh: 458715
Request method:	POST
Request URI:	https://petstore.swagger.io/v2/user
Proxy:			<none>
Request params:	<none>
Query params:	<none>
Form params:	<none>
Path params:	<none>
Headers:		Accept=*/*
				Content-Type=application/json
Cookies:		<none>
Multiparts:		<none>
Body:
{
    "firstName": "Israel",
    "lastName": "Anderson",
    "password": "gCp2PyvRRhGpkCl",
    "userStatus": "0",
    "phone": "11954398072",
    "id": "458715",
    "email": "Pasquale_Spinka@gmail.com",
    "username": "Winnifred_Bergnaum"
}
HTTP/1.1 200 OK
Date: Tue, 31 Aug 2021 21:14:52 GMT
Content-Type: application/json
Transfer-Encoding: chunked
Connection: keep-alive
Access-Control-Allow-Origin: *
Access-Control-Allow-Methods: GET, POST, DELETE, PUT
Access-Control-Allow-Headers: Content-Type, api_key, Authorization
Server: Jetty(9.2.9.v20150224)

{
    "code": 200,
    "type": "unknown",
    "message": "458715"
}
O userID eh: 458715
Request method:	POST
Request URI:	https://petstore.swagger.io/v2/user
Proxy:			<none>
Request params:	<none>
Query params:	<none>
Form params:	<none>
Path params:	<none>
Headers:		Accept=*/*
				Content-Type=application/json
Cookies:		<none>
Multiparts:		<none>
Body:
{
    "firstName": "Rex",
    "lastName": "Kilback",
    "password": "6nqv9BhnRGBJQWH",
    "userStatus": "0",
    "phone": "11985955093",
    "id": "458715",
    "email": "Christop.Cummerata5@gmail.com",
    "username": "Garrick72"
}
HTTP/1.1 200 OK
Date: Tue, 31 Aug 2021 21:14:53 GMT
Content-Type: application/json
Transfer-Encoding: chunked
Connection: keep-alive
Access-Control-Allow-Origin: *
Access-Control-Allow-Methods: GET, POST, DELETE, PUT
Access-Control-Allow-Headers: Content-Type, api_key, Authorization
Server: Jetty(9.2.9.v20150224)

{
    "code": 200,
    "type": "unknown",
    "message": "458715"
}
O userID eh: 458715
Request method:	POST
Request URI:	https://petstore.swagger.io/v2/user
Proxy:			<none>
Request params:	<none>
Query params:	<none>
Form params:	<none>
Path params:	<none>
Headers:		Accept=*/*
				Content-Type=application/json
Cookies:		<none>
Multiparts:		<none>
Body:
{
    "firstName": "Cesar",
    "lastName": "Schumm",
    "password": "n6v4EJDel74Qgu_",
    "userStatus": "0",
    "phone": "11952852137",
    "id": "458715",
    "email": "Rylan.Walker@gmail.com",
    "username": "Lisette88"
}
HTTP/1.1 200 OK
Date: Tue, 31 Aug 2021 21:14:54 GMT
Content-Type: application/json
Transfer-Encoding: chunked
Connection: keep-alive
Access-Control-Allow-Origin: *
Access-Control-Allow-Methods: GET, POST, DELETE, PUT
Access-Control-Allow-Headers: Content-Type, api_key, Authorization
Server: Jetty(9.2.9.v20150224)

{
    "code": 200,
    "type": "unknown",
    "message": "458715"
}
O userID eh: 458715
Request method:	POST
Request URI:	https://petstore.swagger.io/v2/user
Proxy:			<none>
Request params:	<none>
Query params:	<none>
Form params:	<none>
Path params:	<none>
Headers:		Accept=*/*
				Content-Type=application/json
Cookies:		<none>
Multiparts:		<none>
Body:
{
    "firstName": "Torrance",
    "lastName": "Muller",
    "password": "vzoMP9xU0ZjH1ez",
    "userStatus": "0",
    "phone": "11934624426",
    "id": "458715",
    "email": "Carlo.Pagac@yahoo.com",
    "username": "Devon.Wiza"
}
HTTP/1.1 200 OK
Date: Tue, 31 Aug 2021 21:14:54 GMT
Content-Type: application/json
Transfer-Encoding: chunked
Connection: keep-alive
Access-Control-Allow-Origin: *
Access-Control-Allow-Methods: GET, POST, DELETE, PUT
Access-Control-Allow-Headers: Content-Type, api_key, Authorization
Server: Jetty(9.2.9.v20150224)

{
    "code": 200,
    "type": "unknown",
    "message": "458715"
}
O userID eh: 458715
Request method:	POST
Request URI:	https://petstore.swagger.io/v2/user
Proxy:			<none>
Request params:	<none>
Query params:	<none>
Form params:	<none>
Path params:	<none>
Headers:		Accept=*/*
				Content-Type=application/json
Cookies:		<none>
Multiparts:		<none>
Body:
{
    "firstName": "Morris",
    "lastName": "Breitenberg",
    "password": "qQQigRtiZvv7TxW",
    "userStatus": "0",
    "phone": "11952279306",
    "id": "458715",
    "email": "Marcella_Jaskolski16@gmail.com",
    "username": "Aaliyah6"
}
HTTP/1.1 200 OK
Date: Tue, 31 Aug 2021 21:14:55 GMT
Content-Type: application/json
Transfer-Encoding: chunked
Connection: keep-alive
Access-Control-Allow-Origin: *
Access-Control-Allow-Methods: GET, POST, DELETE, PUT
Access-Control-Allow-Headers: Content-Type, api_key, Authorization
Server: Jetty(9.2.9.v20150224)

{
    "code": 200,
    "type": "unknown",
    "message": "458715"
}
O userID eh: 458715
Request method:	POST
Request URI:	https://petstore.swagger.io/v2/user
Proxy:			<none>
Request params:	<none>
Query params:	<none>
Form params:	<none>
Path params:	<none>
Headers:		Accept=*/*
				Content-Type=application/json
Cookies:		<none>
Multiparts:		<none>
Body:
{
    "firstName": "Marlene",
    "lastName": "Lowe",
    "password": "P_FYP1lfFy0apTH",
    "userStatus": "0",
    "phone": "11985212270",
    "id": "458715",
    "email": "Ila.Orn@hotmail.com",
    "username": "Maximilian_Klocko"
}
HTTP/1.1 200 OK
Date: Tue, 31 Aug 2021 21:14:56 GMT
Content-Type: application/json
Transfer-Encoding: chunked
Connection: keep-alive
Access-Control-Allow-Origin: *
Access-Control-Allow-Methods: GET, POST, DELETE, PUT
Access-Control-Allow-Headers: Content-Type, api_key, Authorization
Server: Jetty(9.2.9.v20150224)

{
    "code": 200,
    "type": "unknown",
    "message": "458715"
}
O userID eh: 458715
Request method:	POST
Request URI:	https://petstore.swagger.io/v2/user
Proxy:			<none>
Request params:	<none>
Query params:	<none>
Form params:	<none>
Path params:	<none>
Headers:		Accept=*/*
				Content-Type=application/json
Cookies:		<none>
Multiparts:		<none>
Body:
{
    "firstName": "Diana",
    "lastName": "Mayert",
    "password": "K3CNuKzuGj5yt8a",
    "userStatus": "0",
    "phone": "11956376812",
    "id": "458715",
    "email": "Terrance82@hotmail.com",
    "username": "Davon41"
}
HTTP/1.1 200 OK
Date: Tue, 31 Aug 2021 21:14:57 GMT
Content-Type: application/json
Transfer-Encoding: chunked
Connection: keep-alive
Access-Control-Allow-Origin: *
Access-Control-Allow-Methods: GET, POST, DELETE, PUT
Access-Control-Allow-Headers: Content-Type, api_key, Authorization
Server: Jetty(9.2.9.v20150224)

{
    "code": 200,
    "type": "unknown",
    "message": "458715"
}
O userID eh: 458715
Request method:	POST
Request URI:	https://petstore.swagger.io/v2/user
Proxy:			<none>
Request params:	<none>
Query params:	<none>
Form params:	<none>
Path params:	<none>
Headers:		Accept=*/*
				Content-Type=application/json
Cookies:		<none>
Multiparts:		<none>
Body:
{
    "firstName": "Gerardo",
    "lastName": "Ernser",
    "password": "f2cJyXmz21qkNJr",
    "userStatus": "0",
    "phone": "11932406076",
    "id": "458715",
    "email": "Delilah38@hotmail.com",
    "username": "Avis_Hauck"
}
HTTP/1.1 200 OK
Date: Tue, 31 Aug 2021 21:14:58 GMT
Content-Type: application/json
Transfer-Encoding: chunked
Connection: keep-alive
Access-Control-Allow-Origin: *
Access-Control-Allow-Methods: GET, POST, DELETE, PUT
Access-Control-Allow-Headers: Content-Type, api_key, Authorization
Server: Jetty(9.2.9.v20150224)

{
    "code": 200,
    "type": "unknown",
    "message": "458715"
}
O userID eh: 458715
Request method:	POST
Request URI:	https://petstore.swagger.io/v2/user
Proxy:			<none>
Request params:	<none>
Query params:	<none>
Form params:	<none>
Path params:	<none>
Headers:		Accept=*/*
				Content-Type=application/json
Cookies:		<none>
Multiparts:		<none>
Body:
{
    "firstName": "Dax",
    "lastName": "Borer",
    "password": "8u3uSttpVcVozm0",
    "userStatus": "0",
    "phone": "11982922296",
    "id": "458715",
    "email": "Nakia.Lubowitz99@gmail.com",
    "username": "Trudie97"
}
HTTP/1.1 200 OK
Date: Tue, 31 Aug 2021 21:14:59 GMT
Content-Type: application/json
Transfer-Encoding: chunked
Connection: keep-alive
Access-Control-Allow-Origin: *
Access-Control-Allow-Methods: GET, POST, DELETE, PUT
Access-Control-Allow-Headers: Content-Type, api_key, Authorization
Server: Jetty(9.2.9.v20150224)

{
    "code": 200,
    "type": "unknown",
    "message": "458715"
}
O userID eh: 458715
Request method:	POST
Request URI:	https://petstore.swagger.io/v2/user
Proxy:			<none>
Request params:	<none>
Query params:	<none>
Form params:	<none>
Path params:	<none>
Headers:		Accept=*/*
				Content-Type=application/json
Cookies:		<none>
Multiparts:		<none>
Body:
{
    "firstName": "Emiliano",
    "lastName": "Quitzon",
    "password": "riuFmnhMvwPNsKA",
    "userStatus": "0",
    "phone": "11968139685",
    "id": "458715",
    "email": "Jolie.Boyle@yahoo.com",
    "username": "Elda_Fisher0"
}
HTTP/1.1 200 OK
Date: Tue, 31 Aug 2021 21:15:00 GMT
Content-Type: application/json
Transfer-Encoding: chunked
Connection: keep-alive
Access-Control-Allow-Origin: *
Access-Control-Allow-Methods: GET, POST, DELETE, PUT
Access-Control-Allow-Headers: Content-Type, api_key, Authorization
Server: Jetty(9.2.9.v20150224)

{
    "code": 200,
    "type": "unknown",
    "message": "458715"
}
O userID eh: 458715
Request method:	POST
Request URI:	https://petstore.swagger.io/v2/user
Proxy:			<none>
Request params:	<none>
Query params:	<none>
Form params:	<none>
Path params:	<none>
Headers:		Accept=*/*
				Content-Type=application/json
Cookies:		<none>
Multiparts:		<none>
Body:
{
    "firstName": "Keely",
    "lastName": "Hessel",
    "password": "djFMKg6es5PAKn_",
    "userStatus": "0",
    "phone": "11920998566",
    "id": "458715",
    "email": "Mathilde_Turner@gmail.com",
    "username": "Estell.Barrows32"
}
HTTP/1.1 200 OK
Date: Tue, 31 Aug 2021 21:15:01 GMT
Content-Type: application/json
Transfer-Encoding: chunked
Connection: keep-alive
Access-Control-Allow-Origin: *
Access-Control-Allow-Methods: GET, POST, DELETE, PUT
Access-Control-Allow-Headers: Content-Type, api_key, Authorization
Server: Jetty(9.2.9.v20150224)

{
    "code": 200,
    "type": "unknown",
    "message": "458715"
}
O userID eh: 458715
Request method:	POST
Request URI:	https://petstore.swagger.io/v2/user
Proxy:			<none>
Request params:	<none>
Query params:	<none>
Form params:	<none>
Path params:	<none>
Headers:		Accept=*/*
				Content-Type=application/json
Cookies:		<none>
Multiparts:		<none>
Body:
{
    "firstName": "Khalid",
    "lastName": "Bednar",
    "password": "H5ySjaTnDqUHgcJ",
    "userStatus": "0",
    "phone": "11922203281",
    "id": "458715",
    "email": "Geovany_Gerlach@hotmail.com",
    "username": "Jerrell.Tillman71"
}
HTTP/1.1 200 OK
Date: Tue, 31 Aug 2021 21:15:01 GMT
Content-Type: application/json
Transfer-Encoding: chunked
Connection: keep-alive
Access-Control-Allow-Origin: *
Access-Control-Allow-Methods: GET, POST, DELETE, PUT
Access-Control-Allow-Headers: Content-Type, api_key, Authorization
Server: Jetty(9.2.9.v20150224)

{
    "code": 200,
    "type": "unknown",
    "message": "458715"
}
O userID eh: 458715
Request method:	POST
Request URI:	https://petstore.swagger.io/v2/user
Proxy:			<none>
Request params:	<none>
Query params:	<none>
Form params:	<none>
Path params:	<none>
Headers:		Accept=*/*
				Content-Type=application/json
Cookies:		<none>
Multiparts:		<none>
Body:
{
    "firstName": "Brendan",
    "lastName": "Schoen",
    "password": "26sr8Rf85_F4jJ0",
    "userStatus": "0",
    "phone": "11925079441",
    "id": "458715",
    "email": "Coby.Halvorson26@gmail.com",
    "username": "Gerhard33"
}
HTTP/1.1 200 OK
Date: Tue, 31 Aug 2021 21:15:02 GMT
Content-Type: application/json
Transfer-Encoding: chunked
Connection: keep-alive
Access-Control-Allow-Origin: *
Access-Control-Allow-Methods: GET, POST, DELETE, PUT
Access-Control-Allow-Headers: Content-Type, api_key, Authorization
Server: Jetty(9.2.9.v20150224)

{
    "code": 200,
    "type": "unknown",
    "message": "458715"
}
O userID eh: 458715
Request method:	POST
Request URI:	https://petstore.swagger.io/v2/user
Proxy:			<none>
Request params:	<none>
Query params:	<none>
Form params:	<none>
Path params:	<none>
Headers:		Accept=*/*
				Content-Type=application/json
Cookies:		<none>
Multiparts:		<none>
Body:
{
    "firstName": "Nash",
    "lastName": "Fay",
    "password": "Bs1DrKccO7AFX2j",
    "userStatus": "0",
    "phone": "11912636645",
    "id": "458715",
    "email": "Gail3@hotmail.com",
    "username": "Ray.Hauck34"
}
HTTP/1.1 200 OK
Date: Tue, 31 Aug 2021 21:15:03 GMT
Content-Type: application/json
Transfer-Encoding: chunked
Connection: keep-alive
Access-Control-Allow-Origin: *
Access-Control-Allow-Methods: GET, POST, DELETE, PUT
Access-Control-Allow-Headers: Content-Type, api_key, Authorization
Server: Jetty(9.2.9.v20150224)

{
    "code": 200,
    "type": "unknown",
    "message": "458715"
}
O userID eh: 458715
Request method:	POST
Request URI:	https://petstore.swagger.io/v2/user
Proxy:			<none>
Request params:	<none>
Query params:	<none>
Form params:	<none>
Path params:	<none>
Headers:		Accept=*/*
				Content-Type=application/json
Cookies:		<none>
Multiparts:		<none>
Body:
{
    "firstName": "Cheyanne",
    "lastName": "Grimes",
    "password": "LWiEqStqfDQypSX",
    "userStatus": "0",
    "phone": "11912196783",
    "id": "458715",
    "email": "Pierre.Bayer@yahoo.com",
    "username": "Kasandra_Blick88"
}
HTTP/1.1 200 OK
Date: Tue, 31 Aug 2021 21:15:04 GMT
Content-Type: application/json
Transfer-Encoding: chunked
Connection: keep-alive
Access-Control-Allow-Origin: *
Access-Control-Allow-Methods: GET, POST, DELETE, PUT
Access-Control-Allow-Headers: Content-Type, api_key, Authorization
Server: Jetty(9.2.9.v20150224)

{
    "code": 200,
    "type": "unknown",
    "message": "458715"
}
O userID eh: 458715
Request method:	POST
Request URI:	https://petstore.swagger.io/v2/user
Proxy:			<none>
Request params:	<none>
Query params:	<none>
Form params:	<none>
Path params:	<none>
Headers:		Accept=*/*
				Content-Type=application/json
Cookies:		<none>
Multiparts:		<none>
Body:
{
    "firstName": "Abigayle",
    "lastName": "Reinger",
    "password": "y8kEPAK1eGMjO7q",
    "userStatus": "0",
    "phone": "11915842784",
    "id": "458715",
    "email": "Amie66@hotmail.com",
    "username": "Pietro_Fay"
}
HTTP/1.1 200 OK
Date: Tue, 31 Aug 2021 21:15:05 GMT
Content-Type: application/json
Transfer-Encoding: chunked
Connection: keep-alive
Access-Control-Allow-Origin: *
Access-Control-Allow-Methods: GET, POST, DELETE, PUT
Access-Control-Allow-Headers: Content-Type, api_key, Authorization
Server: Jetty(9.2.9.v20150224)

{
    "code": 200,
    "type": "unknown",
    "message": "458715"
}
O userID eh: 458715
Request method:	POST
Request URI:	https://petstore.swagger.io/v2/user
Proxy:			<none>
Request params:	<none>
Query params:	<none>
Form params:	<none>
Path params:	<none>
Headers:		Accept=*/*
				Content-Type=application/json
Cookies:		<none>
Multiparts:		<none>
Body:
{
    "firstName": "Richie",
    "lastName": "Leuschke",
    "password": "4wAUCdWGt4CmYeg",
    "userStatus": "0",
    "phone": "11966657877",
    "id": "458715",
    "email": "Arthur.Lind@gmail.com",
    "username": "Luisa_Rippin81"
}
HTTP/1.1 200 OK
Date: Tue, 31 Aug 2021 21:15:06 GMT
Content-Type: application/json
Transfer-Encoding: chunked
Connection: keep-alive
Access-Control-Allow-Origin: *
Access-Control-Allow-Methods: GET, POST, DELETE, PUT
Access-Control-Allow-Headers: Content-Type, api_key, Authorization
Server: Jetty(9.2.9.v20150224)

{
    "code": 200,
    "type": "unknown",
    "message": "458715"
}
O userID eh: 458715
Request method:	POST
Request URI:	https://petstore.swagger.io/v2/user
Proxy:			<none>
Request params:	<none>
Query params:	<none>
Form params:	<none>
Path params:	<none>
Headers:		Accept=*/*
				Content-Type=application/json
Cookies:		<none>
Multiparts:		<none>
Body:
{
    "firstName": "Jazmin",
    "lastName": "Kuhic",
    "password": "mpMMZLP3H1aiW86",
    "userStatus": "0",
    "phone": "11922264799",
    "id": "458715",
    "email": "Oceane21@hotmail.com",
    "username": "Elinore_Kunze"
}
HTTP/1.1 200 OK
Date: Tue, 31 Aug 2021 21:15:06 GMT
Content-Type: application/json
Transfer-Encoding: chunked
Connection: keep-alive
Access-Control-Allow-Origin: *
Access-Control-Allow-Methods: GET, POST, DELETE, PUT
Access-Control-Allow-Headers: Content-Type, api_key, Authorization
Server: Jetty(9.2.9.v20150224)

{
    "code": 200,
    "type": "unknown",
[...]
Request URI:	https://petstore.swagger.io/v2/user
Proxy:			<none>
Request params:	<none>
Query params:	<none>
Form params:	<none>
Path params:	<none>
Headers:		Accept=*/*
				Content-Type=application/json
Cookies:		<none>
Multiparts:		<none>
Body:
{
    "firstName": "Miracle",
    "lastName": "Carroll",
    "password": "gDBtTSGMuLEfZpz",
    "userStatus": "0",
    "phone": "11973854509",
    "id": "458715",
    "email": "Alejandrin30@gmail.com",
    "username": "Mozelle_Hermiston16"
}
HTTP/1.1 200 OK
Date: Tue, 31 Aug 2021 21:15:18 GMT
Content-Type: application/json
Transfer-Encoding: chunked
Connection: keep-alive
Access-Control-Allow-Origin: *
Access-Control-Allow-Methods: GET, POST, DELETE, PUT
Access-Control-Allow-Headers: Content-Type, api_key, Authorization
Server: Jetty(9.2.9.v20150224)

{
    "code": 200,
    "type": "unknown",
    "message": "458715"
}
O userID eh: 458715
Request method:	POST
Request URI:	https://petstore.swagger.io/v2/user
Proxy:			<none>
Request params:	<none>
Query params:	<none>
Form params:	<none>
Path params:	<none>
Headers:		Accept=*/*
				Content-Type=application/json
Cookies:		<none>
Multiparts:		<none>
Body:
{
    "firstName": "Thad",
    "lastName": "Rogahn",
    "password": "6XOgLoGWGaoOLBN",
    "userStatus": "0",
    "phone": "11917141134",
    "id": "458715",
    "email": "Belle_Quigley@yahoo.com",
    "username": "Korey_Kuphal"
}
HTTP/1.1 200 OK
Date: Tue, 31 Aug 2021 21:15:19 GMT
Content-Type: application/json
Transfer-Encoding: chunked
Connection: keep-alive
Access-Control-Allow-Origin: *
Access-Control-Allow-Methods: GET, POST, DELETE, PUT
Access-Control-Allow-Headers: Content-Type, api_key, Authorization
Server: Jetty(9.2.9.v20150224)

{
    "code": 200,
    "type": "unknown",
    "message": "458715"
}
O userID eh: 458715
Request method:	POST
Request URI:	https://petstore.swagger.io/v2/user
Proxy:			<none>
Request params:	<none>
Query params:	<none>
Form params:	<none>
Path params:	<none>
Headers:		Accept=*/*
				Content-Type=application/json
Cookies:		<none>
Multiparts:		<none>
Body:
{
    "firstName": "Arielle",
    "lastName": "Mante",
    "password": "h8bIbdshchTQhvK",
    "userStatus": "0",
    "phone": "11980209803",
    "id": "458715",
    "email": "Josue.Hills@hotmail.com",
    "username": "Winston_Mertz"
}
HTTP/1.1 200 OK
Date: Tue, 31 Aug 2021 21:15:20 GMT
Content-Type: application/json
Transfer-Encoding: chunked
Connection: keep-alive
Access-Control-Allow-Origin: *
Access-Control-Allow-Methods: GET, POST, DELETE, PUT
Access-Control-Allow-Headers: Content-Type, api_key, Authorization
Server: Jetty(9.2.9.v20150224)

{
    "code": 200,
    "type": "unknown",
    "message": "458715"
}
O userID eh: 458715
Request method:	POST
Request URI:	https://petstore.swagger.io/v2/user
Proxy:			<none>
Request params:	<none>
Query params:	<none>
Form params:	<none>
Path params:	<none>
Headers:		Accept=*/*
				Content-Type=application/json
Cookies:		<none>
Multiparts:		<none>
Body:
{
    "firstName": "Bella",
    "lastName": "O'Hara",
    "password": "nsZ7D7jKFxbPmKU",
    "userStatus": "0",
    "phone": "11913672704",
    "id": "458715",
    "email": "Maximillian5@gmail.com",
    "username": "Edwina.Torp29"
}
HTTP/1.1 200 OK
Date: Tue, 31 Aug 2021 21:15:21 GMT
Content-Type: application/json
Transfer-Encoding: chunked
Connection: keep-alive
Access-Control-Allow-Origin: *
Access-Control-Allow-Methods: GET, POST, DELETE, PUT
Access-Control-Allow-Headers: Content-Type, api_key, Authorization
Server: Jetty(9.2.9.v20150224)

{
    "code": 200,
    "type": "unknown",
    "message": "458715"
}
O userID eh: 458715
Request method:	POST
Request URI:	https://petstore.swagger.io/v2/user
Proxy:			<none>
Request params:	<none>
Query params:	<none>
Form params:	<none>
Path params:	<none>
Headers:		Accept=*/*
				Content-Type=application/json
Cookies:		<none>
Multiparts:		<none>
Body:
{
    "firstName": "Jeffery",
    "lastName": "Bergnaum",
    "password": "g1SGZ1HjkTuNhT0",
    "userStatus": "0",
    "phone": "11925085490",
    "id": "458715",
    "email": "Ryley_Labadie47@gmail.com",
    "username": "Jazmin.Beatty"
}
HTTP/1.1 200 OK
Date: Tue, 31 Aug 2021 21:15:22 GMT
Content-Type: application/json
Transfer-Encoding: chunked
Connection: keep-alive
Access-Control-Allow-Origin: *
Access-Control-Allow-Methods: GET, POST, DELETE, PUT
Access-Control-Allow-Headers: Content-Type, api_key, Authorization
Server: Jetty(9.2.9.v20150224)

{
    "code": 200,
    "type": "unknown",
    "message": "458715"
}
O userID eh: 458715
Request method:	POST
Request URI:	https://petstore.swagger.io/v2/user
Proxy:			<none>
Request params:	<none>
Query params:	<none>
Form params:	<none>
Path params:	<none>
Headers:		Accept=*/*
				Content-Type=application/json
Cookies:		<none>
Multiparts:		<none>
Body:
{
    "firstName": "Vinnie",
    "lastName": "Nader",
    "password": "YWg3j7atn6FZSJ9",
    "userStatus": "0",
    "phone": "11945853431",
    "id": "458715",
    "email": "Shannon.Schamberger5@gmail.com",
    "username": "Rodolfo.Welch34"
}
HTTP/1.1 200 OK
Date: Tue, 31 Aug 2021 21:15:23 GMT
Content-Type: application/json
Transfer-Encoding: chunked
Connection: keep-alive
Access-Control-Allow-Origin: *
Access-Control-Allow-Methods: GET, POST, DELETE, PUT
Access-Control-Allow-Headers: Content-Type, api_key, Authorization
Server: Jetty(9.2.9.v20150224)

{
    "code": 200,
    "type": "unknown",
    "message": "458715"
}
O userID eh: 458715
Request method:	POST
Request URI:	https://petstore.swagger.io/v2/user
Proxy:			<none>
Request params:	<none>
Query params:	<none>
Form params:	<none>
Path params:	<none>
Headers:		Accept=*/*
				Content-Type=application/json
Cookies:		<none>
Multiparts:		<none>
Body:
{
    "firstName": "Josue",
    "lastName": "Skiles",
    "password": "0xcXUp8ud3OdoJq",
    "userStatus": "0",
    "phone": "11972827629",
    "id": "458715",
    "email": "Eleazar13@hotmail.com",
    "username": "Savanna.Hilll90"
}
HTTP/1.1 200 OK
Date: Tue, 31 Aug 2021 21:15:23 GMT
Content-Type: application/json
Transfer-Encoding: chunked
Connection: keep-alive
Access-Control-Allow-Origin: *
Access-Control-Allow-Methods: GET, POST, DELETE, PUT
Access-Control-Allow-Headers: Content-Type, api_key, Authorization
Server: Jetty(9.2.9.v20150224)

{
    "code": 200,
    "type": "unknown",
    "message": "458715"
}
O userID eh: 458715
Request method:	POST
Request URI:	https://petstore.swagger.io/v2/user
Proxy:			<none>
Request params:	<none>
Query params:	<none>
Form params:	<none>
Path params:	<none>
Headers:		Accept=*/*
				Content-Type=application/json
Cookies:		<none>
Multiparts:		<none>
Body:
{
    "firstName": "Felicia",
    "lastName": "Fadel",
    "password": "vU4MjHjnewfNlcL",
    "userStatus": "0",
    "phone": "11925318437",
    "id": "458715",
    "email": "Ora_Carter13@gmail.com",
    "username": "Percival14"
}
HTTP/1.1 200 OK
Date: Tue, 31 Aug 2021 21:15:24 GMT
Content-Type: application/json
Transfer-Encoding: chunked
Connection: keep-alive
Access-Control-Allow-Origin: *
Access-Control-Allow-Methods: GET, POST, DELETE, PUT
Access-Control-Allow-Headers: Content-Type, api_key, Authorization
Server: Jetty(9.2.9.v20150224)

{
    "code": 200,
    "type": "unknown",
    "message": "458715"
}
O userID eh: 458715
Request method:	POST
Request URI:	https://petstore.swagger.io/v2/user
Proxy:			<none>
Request params:	<none>
Query params:	<none>
Form params:	<none>
Path params:	<none>
Headers:		Accept=*/*
				Content-Type=application/json
Cookies:		<none>
Multiparts:		<none>
Body:
{
    "firstName": "Patricia",
    "lastName": "White",
    "password": "cBjofXUSF3_oshP",
    "userStatus": "0",
    "phone": "11955082886",
    "id": "458715",
    "email": "Bernard_Heller8@yahoo.com",
    "username": "Ellie28"
}
HTTP/1.1 200 OK
Date: Tue, 31 Aug 2021 21:15:25 GMT
Content-Type: application/json
Transfer-Encoding: chunked
Connection: keep-alive
Access-Control-Allow-Origin: *
Access-Control-Allow-Methods: GET, POST, DELETE, PUT
Access-Control-Allow-Headers: Content-Type, api_key, Authorization
Server: Jetty(9.2.9.v20150224)

{
    "code": 200,
    "type": "unknown",
    "message": "458715"
}
O userID eh: 458715
Request method:	POST
Request URI:	https://petstore.swagger.io/v2/user
Proxy:			<none>
Request params:	<none>
Query params:	<none>
Form params:	<none>
Path params:	<none>
Headers:		Accept=*/*
				Content-Type=application/json
Cookies:		<none>
Multiparts:		<none>
Body:
{
    "firstName": "Mylene",
    "lastName": "Terry",
    "password": "GbPNQIR_dW8mVGH",
    "userStatus": "0",
    "phone": "11983911641",
    "id": "458715",
    "email": "Jaunita7@gmail.com",
    "username": "Mavis_Koch"
}
HTTP/1.1 200 OK
Date: Tue, 31 Aug 2021 21:15:26 GMT
Content-Type: application/json
Transfer-Encoding: chunked
Connection: keep-alive
Access-Control-Allow-Origin: *
Access-Control-Allow-Methods: GET, POST, DELETE, PUT
Access-Control-Allow-Headers: Content-Type, api_key, Authorization
Server: Jetty(9.2.9.v20150224)

{
    "code": 200,
    "type": "unknown",
    "message": "458715"
}
O userID eh: 458715
Request method:	POST
Request URI:	https://petstore.swagger.io/v2/user
Proxy:			<none>
Request params:	<none>
Query params:	<none>
Form params:	<none>
Path params:	<none>
Headers:		Accept=*/*
				Content-Type=application/json
Cookies:		<none>
Multiparts:		<none>
Body:
{
    "firstName": "Dolores",
    "lastName": "Davis",
    "password": "jvTNP9zT0BcTTh9",
    "userStatus": "0",
    "phone": "11995463363",
    "id": "458715",
    "email": "Jerrold21@gmail.com",
    "username": "Alexys_Kilback"
}
HTTP/1.1 200 OK
Date: Tue, 31 Aug 2021 21:15:27 GMT
Content-Type: application/json
Transfer-Encoding: chunked
Connection: keep-alive
Access-Control-Allow-Origin: *
Access-Control-Allow-Methods: GET, POST, DELETE, PUT
Access-Control-Allow-Headers: Content-Type, api_key, Authorization
Server: Jetty(9.2.9.v20150224)

{
    "code": 200,
    "type": "unknown",
    "message": "458715"
}
O userID eh: 458715
Request method:	POST
Request URI:	https://petstore.swagger.io/v2/user
Proxy:			<none>
Request params:	<none>
Query params:	<none>
Form params:	<none>
Path params:	<none>
Headers:		Accept=*/*
				Content-Type=application/json
Cookies:		<none>
Multiparts:		<none>
Body:
{
    "firstName": "Alia",
    "lastName": "Mertz",
    "password": "xIV4Lt_gx2OQBZb",
    "userStatus": "0",
    "phone": "11955981844",
    "id": "458715",
    "email": "Oswald.Lesch@hotmail.com",
    "username": "Kole67"
}
HTTP/1.1 200 OK
Date: Tue, 31 Aug 2021 21:15:28 GMT
Content-Type: application/json
Transfer-Encoding: chunked
Connection: keep-alive
Access-Control-Allow-Origin: *
Access-Control-Allow-Methods: GET, POST, DELETE, PUT
Access-Control-Allow-Headers: Content-Type, api_key, Authorization
Server: Jetty(9.2.9.v20150224)

{
    "code": 200,
    "type": "unknown",
    "message": "458715"
}
O userID eh: 458715
Request method:	POST
Request URI:	https://petstore.swagger.io/v2/user
Proxy:			<none>
Request params:	<none>
Query params:	<none>
Form params:	<none>
Path params:	<none>
Headers:		Accept=*/*
				Content-Type=application/json
Cookies:		<none>
Multiparts:		<none>
Body:
{
    "firstName": "Catalina",
    "lastName": "Pouros",
    "password": "zlYkpqXaouDF99_",
    "userStatus": "0",
    "phone": "11944449974",
    "id": "458715",
    "email": "Kaitlyn.Pollich44@yahoo.com",
    "username": "Hobart_Witting45"
}
HTTP/1.1 200 OK
Date: Tue, 31 Aug 2021 21:15:28 GMT
Content-Type: application/json
Transfer-Encoding: chunked
Connection: keep-alive
Access-Control-Allow-Origin: *
Access-Control-Allow-Methods: GET, POST, DELETE, PUT
Access-Control-Allow-Headers: Content-Type, api_key, Authorization
Server: Jetty(9.2.9.v20150224)

{
    "code": 200,
    "type": "unknown",
    "message": "458715"
}
O userID eh: 458715
Request method:	POST
Request URI:	https://petstore.swagger.io/v2/user
Proxy:			<none>
Request params:	<none>
Query params:	<none>
Form params:	<none>
Path params:	<none>
Headers:		Accept=*/*
				Content-Type=application/json
Cookies:		<none>
Multiparts:		<none>
Body:
{
    "firstName": "Jefferey",
    "lastName": "Witting",
    "password": "vdgZ6Qn83ebWUnD",
    "userStatus": "0",
    "phone": "11932506578",
    "id": "458715",
    "email": "Fernando20@hotmail.com",
    "username": "Aron95"
}
HTTP/1.1 200 OK
Date: Tue, 31 Aug 2021 21:15:29 GMT
Content-Type: application/json
Transfer-Encoding: chunked
Connection: keep-alive
Access-Control-Allow-Origin: *
Access-Control-Allow-Methods: GET, POST, DELETE, PUT
Access-Control-Allow-Headers: Content-Type, api_key, Authorization
Server: Jetty(9.2.9.v20150224)

{
    "code": 200,
    "type": "unknown",
    "message": "458715"
}
O userID eh: 458715
Request method:	POST
Request URI:	https://petstore.swagger.io/v2/user
Proxy:			<none>
Request params:	<none>
Query params:	<none>
Form params:	<none>
Path params:	<none>
Headers:		Accept=*/*
				Content-Type=application/json
Cookies:		<none>
Multiparts:		<none>
Body:
{
    "firstName": "Kariane",
    "lastName": "Denesik",
    "password": "8dDGzjPTFdZDYzB",
    "userStatus": "0",
    "phone": "11976865243",
    "id": "458715",
    "email": "Conrad.Rodriguez0@gmail.com",
    "username": "Rogelio_Bahringer"
}
HTTP/1.1 200 OK
Date: Tue, 31 Aug 2021 21:15:30 GMT
Content-Type: application/json
Transfer-Encoding: chunked
Connection: keep-alive
Access-Control-Allow-Origin: *
Access-Control-Allow-Methods: GET, POST, DELETE, PUT
Access-Control-Allow-Headers: Content-Type, api_key, Authorization
Server: Jetty(9.2.9.v20150224)

{
    "code": 200,
    "type": "unknown",
    "message": "458715"
}
O userID eh: 458715
Request method:	POST
Request URI:	https://petstore.swagger.io/v2/user
Proxy:			<none>
Request params:	<none>
Query params:	<none>
Form params:	<none>
Path params:	<none>
Headers:		Accept=*/*
				Content-Type=application/json
Cookies:		<none>
Multiparts:		<none>
Body:
{
    "firstName": "Justus",
    "lastName": "Friesen",
    "password": "HJivKd00xFMSKf3",
    "userStatus": "0",
    "phone": "11959965932",
    "id": "458715",
    "email": "Royal_Watsica@yahoo.com",
    "username": "Jocelyn.Kohler"
}
HTTP/1.1 200 OK
Date: Tue, 31 Aug 2021 21:15:31 GMT
Content-Type: application/json
Transfer-Encoding: chunked
Connection: keep-alive
Access-Control-Allow-Origin: *
Access-Control-Allow-Methods: GET, POST, DELETE, PUT
Access-Control-Allow-Headers: Content-Type, api_key, Authorization
Server: Jetty(9.2.9.v20150224)

{
    "code": 200,
    "type": "unknown",
    "message": "458715"
}
O userID eh: 458715
Request method:	POST
Request URI:	https://petstore.swagger.io/v2/user
Proxy:			<none>
Request params:	<none>
Query params:	<none>
Form params:	<none>
Path params:	<none>
Headers:		Accept=*/*
				Content-Type=application/json
Cookies:		<none>
Multiparts:		<none>
Body:
{
    "firstName": "Imani",
    "lastName": "Doyle",
    "password": "SXTwHACW_A7tyj1",
    "userStatus": "0",
    "phone": "11978687959",
    "id": "458715",
    "email": "Lexie.Fay@gmail.com",
    "username": "Dejuan84"
}
HTTP/1.1 200 OK
Date: Tue, 31 Aug 2021 21:15:32 GMT
Content-Type: application/json
Transfer-Encoding: chunked
Connection: keep-alive
Access-Control-Allow-Origin: *
Access-Control-Allow-Methods: GET, POST, DELETE, PUT
Access-Control-Allow-Headers: Content-Type, api_key, Authorization
Server: Jetty(9.2.9.v20150224)

{
    "code": 200,
    "type": "unknown",
    "message": "458715"
}
O userID eh: 458715
Request method:	POST
Request URI:	https://petstore.swagger.io/v2/user
Proxy:			<none>
Request params:	<none>
Query params:	<none>
Form params:	<none>
Path params:	<none>
Headers:		Accept=*/*
				Content-Type=application/json
Cookies:		<none>
Multiparts:		<none>
Body:
{
    "firstName": "Hubert",
    "lastName": "Wisoky",
    "password": "yIZth80b9kwHK1R",
    "userStatus": "0",
    "phone": "11965783901",
    "id": "458715",
    "email": "Niko.Price36@gmail.com",
    "username": "Consuelo.Johns11"
}
HTTP/1.1 200 OK
Date: Tue, 31 Aug 2021 21:15:33 GMT
Content-Type: application/json
Transfer-Encoding: chunked
Connection: keep-alive
Access-Control-Allow-Origin: *
Access-Control-Allow-Methods: GET, POST, DELETE, PUT
Access-Control-Allow-Headers: Content-Type, api_key, Authorization
Server: Jetty(9.2.9.v20150224)

{
    "code": 200,
    "type": "unknown",
    "message": "458715"
}
O userID eh: 458715
Request method:	POST
Request URI:	https://petstore.swagger.io/v2/user
Proxy:			<none>
Request params:	<none>
Query params:	<none>
Form params:	<none>
Path params:	<none>
Headers:		Accept=*/*
				Content-Type=application/json
Cookies:		<none>
Multiparts:		<none>
Body:
{
    "firstName": "Adelia",
    "lastName": "Ullrich",
    "password": "TaUeBfhrHHVkatK",
    "userStatus": "0",
    "phone": "11922345692",
    "id": "458715",
    "email": "Verdie_OKon@yahoo.com",
    "username": "Annie_Hackett"
}
HTTP/1.1 200 OK
Date: Tue, 31 Aug 2021 21:15:33 GMT
Content-Type: application/json
Transfer-Encoding: chunked
Connection: keep-alive
Access-Control-Allow-Origin: *
Access-Control-Allow-Methods: GET, POST, DELETE, PUT
Access-Control-Allow-Headers: Content-Type, api_key, Authorization
Server: Jetty(9.2.9.v20150224)

{
    "code": 200,
    "type": "unknown",
    "message": "458715"
}
O userID eh: 458715
Request method:	POST
Request URI:	https://petstore.swagger.io/v2/user
Proxy:			<none>
Request params:	<none>
Query params:	<none>
Form params:	<none>
Path params:	<none>
Headers:		Accept=*/*
				Content-Type=application/json
Cookies:		<none>
Multiparts:		<none>
Body:
{
    "firstName": "Emil",
    "lastName": "Wolf",
    "password": "j2bEVtQAEnZZNM9",
    "userStatus": "0",
    "phone": "11941202876",
    "id": "458715",
    "email": "Jarrod_Mueller85@yahoo.com",
    "username": "Braxton_Will"
}
HTTP/1.1 200 OK
Date: Tue, 31 Aug 2021 21:15:34 GMT
Content-Type: application/json
Transfer-Encoding: chunked
Connection: keep-alive
Access-Control-Allow-Origin: *
Access-Control-Allow-Methods: GET, POST, DELETE, PUT
Access-Control-Allow-Headers: Content-Type, api_key, Authorization
Server: Jetty(9.2.9.v20150224)

{
    "code": 200,
    "type": "unknown",
    "message": "458715"
}
O userID eh: 458715
Request method:	POST
Request URI:	https://petstore.swagger.io/v2/user
Proxy:			<none>
Request params:	<none>
Query params:	<none>
Form params:	<none>
Path params:	<none>
Headers:		Accept=*/*
				Content-Type=application/json
Cookies:		<none>
Multiparts:		<none>
Body:
{
    "firstName": "Carley",
    "lastName": "Heller",
    "password": "KL3dudns7qfWE8m",
    "userStatus": "0",
    "phone": "11976382636",
    "id": "458715",
    "email": "Mona50@yahoo.com",
    "username": "Deanna48"
}
HTTP/1.1 200 OK
Date: Tue, 31 Aug 2021 21:15:35 GMT
Content-Type: application/json
Transfer-Encoding: chunked
Connection: keep-alive
Access-Control-Allow-Origin: *
Access-Control-Allow-Methods: GET, POST, DELETE, PUT
Access-Control-Allow-Headers: Content-Type, api_key, Authorization
Server: Jetty(9.2.9.v20150224)

{
    "code": 200,
    "type": "unknown",
    "message": "458715"
}
O userID eh: 458715
Request method:	POST
Request URI:	https://petstore.swagger.io/v2/user
Proxy:			<none>
Request params:	<none>
Query params:	<none>
Form params:	<none>
Path params:	<none>
Headers:		Accept=*/*
				Content-Type=application/json
Cookies:		<none>
Multiparts:		<none>
Body:
{
    "firstName": "Jayne",
    "lastName": "Flatley",
    "password": "ka_t_YYX_DXxgap",
    "userStatus": "0",
    "phone": "11931606078",
    "id": "458715",
    "email": "Sherwood.Simonis92@hotmail.com",
    "username": "Stephany.Conn68"
}
HTTP/1.1 200 OK
Date: Tue, 31 Aug 2021 21:15:36 GMT
Content-Type: application/json
Transfer-Encoding: chunked
Connection: keep-alive
Access-Control-Allow-Origin: *
Access-Control-Allow-Methods: GET, POST, DELETE, PUT
Access-Control-Allow-Headers: Content-Type, api_key, Authorization
Server: Jetty(9.2.9.v20150224)

{
    "code": 200,
    "type": "unknown",
    "message": "458715"
}
O userID eh: 458715
]]></system-out>
  <system-err><![CDATA[]]></system-err>
</testsuite>
